<?xml version="1.0" encoding="UTF-8"?>
<!-- Generated by org.testng.reporters.JUnitXMLReporter -->
<testsuite ignored="0" hostname="EDM-VM-CL01" failures="0" tests="20" name="FolderRestriction" time="0.207" errors="0" timestamp="2023-10-30T05:54:46 IST">
  <testcase classname="main.EDRM.hybridFramework.TestBase.TestBase" name="@BeforeSuite beforeSuite" time="19.756">
    <failure type="org.openqa.selenium.SessionNotCreatedException" message="Could not start a new session. Response code 500. Message: session not created: Chrome failed to start: exited normally.
  (session not created: DevToolsActivePort file doesn&amp;apos;t exist)
  (The process started from chrome location C:\Program Files\Google\Chrome\Application\chrome.exe is no longer running, so ChromeDriver is assuming that Chrome has crashed.) 
Host info: host: &amp;apos;EDM-VM-CL01&amp;apos;, ip: &amp;apos;10.102.65.242&amp;apos;
Build info: version: &amp;apos;4.11.0&amp;apos;, revision: &amp;apos;040bc5406b&amp;apos;
System info: os.name: &amp;apos;Windows 10&amp;apos;, os.arch: &amp;apos;amd64&amp;apos;, os.version: &amp;apos;10.0&amp;apos;, java.version: &amp;apos;16.0.2&amp;apos;
Driver info: org.openqa.selenium.chrome.ChromeDriver
Command: [null, newSession {capabilities=[Capabilities {browserName: chrome, goog:chromeOptions: {args: [--disable-popup-blocking, --test-type, disable-infobars, --remote-allow-origins=*], binary: C:\Program Files\Google\Chr..., extensions: [], useAutomationExtension: false}}]}]">
      <![CDATA[org.openqa.selenium.SessionNotCreatedException: Could not start a new session. Response code 500. Message: session not created: Chrome failed to start: exited normally.
  (session not created: DevToolsActivePort file doesn't exist)
  (The process started from chrome location C:\Program Files\Google\Chrome\Application\chrome.exe is no longer running, so ChromeDriver is assuming that Chrome has crashed.) 
Host info: host: 'EDM-VM-CL01', ip: '10.102.65.242'
Build info: version: '4.11.0', revision: '040bc5406b'
System info: os.name: 'Windows 10', os.arch: 'amd64', os.version: '10.0', java.version: '16.0.2'
Driver info: org.openqa.selenium.chrome.ChromeDriver
Command: [null, newSession {capabilities=[Capabilities {browserName: chrome, goog:chromeOptions: {args: [--disable-popup-blocking, --test-type, disable-infobars, --remote-allow-origins=*], binary: C:\Program Files\Google\Chr..., extensions: [], useAutomationExtension: false}}]}]
at org.openqa.selenium.remote.ProtocolHandshake.createSession(ProtocolHandshake.java:140)
at org.openqa.selenium.remote.ProtocolHandshake.createSession(ProtocolHandshake.java:96)
at org.openqa.selenium.remote.ProtocolHandshake.createSession(ProtocolHandshake.java:68)
at org.openqa.selenium.remote.HttpCommandExecutor.execute(HttpCommandExecutor.java:163)
at org.openqa.selenium.remote.service.DriverCommandExecutor.invokeExecute(DriverCommandExecutor.java:196)
at org.openqa.selenium.remote.service.DriverCommandExecutor.execute(DriverCommandExecutor.java:171)
at org.openqa.selenium.remote.RemoteWebDriver.execute(RemoteWebDriver.java:518)
at org.openqa.selenium.remote.RemoteWebDriver.startSession(RemoteWebDriver.java:232)
at org.openqa.selenium.remote.RemoteWebDriver.<init>(RemoteWebDriver.java:159)
at org.openqa.selenium.chromium.ChromiumDriver.<init>(ChromiumDriver.java:108)
at org.openqa.selenium.chrome.ChromeDriver.<init>(ChromeDriver.java:88)
at org.openqa.selenium.chrome.ChromeDriver.<init>(ChromeDriver.java:83)
at org.openqa.selenium.chrome.ChromeDriver.<init>(ChromeDriver.java:72)
at main.EDRM.hybridFramework.helper.browserConfigurations.ChromeBrowser.getChromeDriver(ChromeBrowser.java:32)
at main.EDRM.hybridFramework.TestBase.TestBase.getBrowserObject(TestBase.java:165)
at main.EDRM.hybridFramework.TestBase.TestBase.setUpDriver(TestBase.java:188)
at main.EDRM.hybridFramework.TestBase.TestBase.beforeSuite(TestBase.java:95)
... Removed 19 stack frames]]>
    </failure>
  </testcase> <!-- @BeforeSuite beforeSuite -->
  <testcase classname="tests.TestFolderRestriction" name="@BeforeClass setupClass" time="-1.698625486288E9">
    <skipped/>
  </testcase> <!-- @BeforeClass setupClass -->
  <testcase classname="main.EDRM.hybridFramework.TestBase.TestBase" name="@BeforeMethod beforeMethod" time="-1.698625486291E9">
    <skipped/>
  </testcase> <!-- @BeforeMethod beforeMethod -->
  <testcase classname="main.EDRM.hybridFramework.TestBase.TestBase" name="@AfterMethod afterMethod" time="-1.698625486304E9">
    <skipped/>
  </testcase> <!-- @AfterMethod afterMethod -->
  <testcase classname="main.EDRM.hybridFramework.TestBase.TestBase" name="@BeforeMethod beforeMethod" time="-1.698625486307E9">
    <skipped/>
  </testcase> <!-- @BeforeMethod beforeMethod -->
  <testcase classname="main.EDRM.hybridFramework.TestBase.TestBase" name="@AfterMethod afterMethod" time="-1.698625486311E9">
    <skipped/>
  </testcase> <!-- @AfterMethod afterMethod -->
  <testcase classname="main.EDRM.hybridFramework.TestBase.TestBase" name="@BeforeMethod beforeMethod" time="-1.698625486313E9">
    <skipped/>
  </testcase> <!-- @BeforeMethod beforeMethod -->
  <testcase classname="main.EDRM.hybridFramework.TestBase.TestBase" name="@AfterMethod afterMethod" time="-1.698625486315E9">
    <skipped/>
  </testcase> <!-- @AfterMethod afterMethod -->
  <testcase classname="main.EDRM.hybridFramework.TestBase.TestBase" name="@BeforeMethod beforeMethod" time="-1.698625486317E9">
    <skipped/>
  </testcase> <!-- @BeforeMethod beforeMethod -->
  <testcase classname="main.EDRM.hybridFramework.TestBase.TestBase" name="@AfterMethod afterMethod" time="-1.69862548632E9">
    <skipped/>
  </testcase> <!-- @AfterMethod afterMethod -->
  <testcase classname="main.EDRM.hybridFramework.TestBase.TestBase" name="@BeforeMethod beforeMethod" time="-1.698625486323E9">
    <skipped/>
  </testcase> <!-- @BeforeMethod beforeMethod -->
  <testcase classname="main.EDRM.hybridFramework.TestBase.TestBase" name="@AfterMethod afterMethod" time="-1.698625486324E9">
    <skipped/>
  </testcase> <!-- @AfterMethod afterMethod -->
  <testcase classname="main.EDRM.hybridFramework.TestBase.TestBase" name="@BeforeMethod beforeMethod" time="-1.698625486327E9">
    <skipped/>
  </testcase> <!-- @BeforeMethod beforeMethod -->
  <testcase classname="main.EDRM.hybridFramework.TestBase.TestBase" name="@AfterMethod afterMethod" time="-1.698625486332E9">
    <skipped/>
  </testcase> <!-- @AfterMethod afterMethod -->
  <testcase classname="main.EDRM.hybridFramework.TestBase.TestBase" name="@BeforeMethod beforeMethod" time="-1.698625486336E9">
    <skipped/>
  </testcase> <!-- @BeforeMethod beforeMethod -->
  <testcase classname="main.EDRM.hybridFramework.TestBase.TestBase" name="@AfterMethod afterMethod" time="-1.698625486369E9">
    <skipped/>
  </testcase> <!-- @AfterMethod afterMethod -->
  <testcase classname="main.EDRM.hybridFramework.TestBase.TestBase" name="@BeforeMethod beforeMethod" time="-1.69862548638E9">
    <skipped/>
  </testcase> <!-- @BeforeMethod beforeMethod -->
  <testcase classname="main.EDRM.hybridFramework.TestBase.TestBase" name="@AfterMethod afterMethod" time="-1.698625486391E9">
    <skipped/>
  </testcase> <!-- @AfterMethod afterMethod -->
  <testcase classname="main.EDRM.hybridFramework.TestBase.TestBase" name="@BeforeMethod beforeMethod" time="-1.698625486392E9">
    <skipped/>
  </testcase> <!-- @BeforeMethod beforeMethod -->
  <testcase classname="main.EDRM.hybridFramework.TestBase.TestBase" name="@AfterMethod afterMethod" time="-1.6986254864E9">
    <skipped/>
  </testcase> <!-- @AfterMethod afterMethod -->
  <testcase classname="main.EDRM.hybridFramework.TestBase.TestBase" name="@BeforeMethod beforeMethod" time="-1.698625486454E9">
    <skipped/>
  </testcase> <!-- @BeforeMethod beforeMethod -->
  <testcase classname="main.EDRM.hybridFramework.TestBase.TestBase" name="@AfterMethod afterMethod" time="-1.698625486455E9">
    <skipped/>
  </testcase> <!-- @AfterMethod afterMethod -->
  <testcase classname="main.EDRM.hybridFramework.TestBase.TestBase" name="@BeforeMethod beforeMethod" time="-1.698625486487E9">
    <skipped/>
  </testcase> <!-- @BeforeMethod beforeMethod -->
  <testcase classname="main.EDRM.hybridFramework.TestBase.TestBase" name="@AfterMethod afterMethod" time="-1.698625486489E9">
    <skipped/>
  </testcase> <!-- @AfterMethod afterMethod -->
  <testcase classname="main.EDRM.hybridFramework.TestBase.TestBase" name="@BeforeMethod beforeMethod" time="-1.69862548649E9">
    <skipped/>
  </testcase> <!-- @BeforeMethod beforeMethod -->
  <testcase classname="main.EDRM.hybridFramework.TestBase.TestBase" name="@AfterMethod afterMethod" time="-1.698625486492E9">
    <skipped/>
  </testcase> <!-- @AfterMethod afterMethod -->
  <testcase classname="tests.TestFolderRestriction" name="AddFoldeRestriction" time="0.0">
    <skipped/>
  </testcase> <!-- AddFoldeRestriction -->
  <testcase classname="tests.TestFolderRestriction" name="UpdateUserAndAddRestriction" time="0.0">
    <skipped/>
  </testcase> <!-- UpdateUserAndAddRestriction -->
  <testcase classname="tests.TestFolderRestriction" name="VerifyErrorMessageAfterFolderRestriction" time="0.0">
    <skipped/>
  </testcase> <!-- VerifyErrorMessageAfterFolderRestriction -->
  <testcase classname="tests.TestFolderRestriction" name="VerifyErrorMessageWhileCapturing" time="0.0">
    <skipped/>
  </testcase> <!-- VerifyErrorMessageWhileCapturing -->
  <testcase classname="tests.TestFolderRestriction" name="UpdateUserAndAddGrantRestrictionToUser" time="0.0">
    <skipped/>
  </testcase> <!-- UpdateUserAndAddGrantRestrictionToUser -->
  <testcase classname="tests.TestFolderRestriction" name="CaptureDocumentAndSearchDocument" time="0.0">
    <skipped/>
  </testcase> <!-- CaptureDocumentAndSearchDocument -->
  <testcase classname="tests.TestFolderRestriction" name="SearchAnotherAccountRefAndVerifyErrorMessage" time="0.0">
    <skipped/>
  </testcase> <!-- SearchAnotherAccountRefAndVerifyErrorMessage -->
  <testcase classname="tests.TestFolderRestriction" name="UpdateUserAndChangeRestrictionTypeForUser" time="0.0">
    <skipped/>
  </testcase> <!-- UpdateUserAndChangeRestrictionTypeForUser -->
  <testcase classname="tests.TestFolderRestriction" name="AddFolderRestrictionForGroups" time="0.0">
    <skipped/>
  </testcase> <!-- AddFolderRestrictionForGroups -->
  <testcase classname="tests.TestFolderRestriction" name="AddSecurityRestrictionGroup" time="0.0">
    <skipped/>
  </testcase> <!-- AddSecurityRestrictionGroup -->
  <testcase classname="tests.TestFolderRestriction" name="AddSecurityRestrictionTypeAsGrantForGroupTo" time="0.0">
    <skipped/>
  </testcase> <!-- AddSecurityRestrictionTypeAsGrantForGroupTo -->
  <testcase classname="tests.TestFolderRestriction" name="VerifyMessageAfterGivingGrantPermission" time="0.0">
    <skipped/>
  </testcase> <!-- VerifyMessageAfterGivingGrantPermission -->
  <testcase classname="tests.TestFolderRestriction" name="ChangeRestrictionTypeForUser" time="0.0">
    <skipped/>
  </testcase> <!-- ChangeRestrictionTypeForUser -->
  <testcase classname="tests.TestFolderRestriction" name="VerifyErrorMessageAfterRestrictingGroup" time="0.0">
    <skipped/>
  </testcase> <!-- VerifyErrorMessageAfterRestrictingGroup -->
  <testcase classname="tests.TestFolderRestriction" name="DeleteFolderRestriction" time="0.0">
    <skipped/>
  </testcase> <!-- DeleteFolderRestriction -->
  <testcase classname="tests.TestFolderRestriction" name="DeleteSecurityRestrictionGroup" time="0.0">
    <skipped/>
  </testcase> <!-- DeleteSecurityRestrictionGroup -->
  <testcase classname="tests.TestFolderRestriction" name="EditSecurityPermissionOfUser" time="0.0">
    <skipped/>
  </testcase> <!-- EditSecurityPermissionOfUser -->
  <testcase classname="tests.TestFolderRestriction" name="DeleteFolderRestriction" time="0.0">
    <skipped/>
  </testcase> <!-- DeleteFolderRestriction -->
  <testcase classname="tests.TestFolderRestriction" name="VerifiyRestricted" time="0.0">
    <skipped/>
  </testcase> <!-- VerifiyRestricted -->
  <testcase classname="tests.TestFolderRestriction" name="VerifyErrorMessage" time="0.0">
    <skipped/>
  </testcase> <!-- VerifyErrorMessage -->
</testsuite> <!-- FolderRestriction -->
