<?xml version="1.0" encoding="UTF-8"?>
<!-- Generated by org.testng.reporters.JUnitXMLReporter -->
<testsuite ignored="10" hostname="EDM-VM-CL01" failures="1" tests="10" name="IntrayList" time="590.866" errors="0" timestamp="2023-09-04T18:08:07 IST">
  <testcase classname="tests.ATestIntrayListRegression" name="loginwithsuperuser" time="53.327"/>
  <testcase classname="tests.ATestIntrayListRegression" name="VerifyDistributeIconUsingSuperAdminUser" time="92.37"/>
  <testcase classname="tests.ATestIntrayListRegression" name="LoginUsingFileSystemAdminUser" time="43.649"/>
  <testcase classname="tests.ATestIntrayListRegression" name="VerifyDistributeIconUsingFileSystemAdminUser" time="196.771"/>
  <testcase classname="tests.ATestIntrayListRegression" name="LoginUsingSupervisorUser" time="54.57"/>
  <testcase classname="tests.ATestIntrayListRegression" name="VerifyDistributeIconUsingSupervisorUser" time="21.188"/>
  <testcase classname="tests.ATestIntrayListRegression" name="LoingUsingStandardUser" time="39.967"/>
  <testcase classname="tests.ATestIntrayListRegression" name="VerifyDistributeIconUsingStandardUser" time="17.237"/>
  <testcase classname="tests.ATestIntrayListRegression" name="LoginWithBasicUser" time="42.562"/>
  <testcase classname="tests.ATestIntrayListRegression" name="VerifyDistributeIconUsingBasicUser" time="7.18">
    <failure type="org.openqa.selenium.NoSuchElementException" message="no such element: Unable to locate element: {&amp;quot;method&amp;quot;:&amp;quot;xpath&amp;quot;,&amp;quot;selector&amp;quot;:&amp;quot;(//tr[contains(@class,&amp;apos;odd&amp;apos;)]/td[3])[1]&amp;quot;}
  (Session info: chrome=116.0.5845.141)
For documentation on this error, please visit: https://www.selenium.dev/documentation/webdriver/troubleshooting/errors#no-such-element-exception
Build info: version: &amp;apos;4.11.0&amp;apos;, revision: &amp;apos;040bc5406b&amp;apos;
System info: os.name: &amp;apos;Windows 10&amp;apos;, os.arch: &amp;apos;amd64&amp;apos;, os.version: &amp;apos;10.0&amp;apos;, java.version: &amp;apos;16.0.2&amp;apos;
Driver info: org.openqa.selenium.chrome.ChromeDriver
Command: [9c16ff5a31956c70fe8a2948219da591, findElement {using=xpath, value=(//tr[contains(@class,&amp;apos;odd&amp;apos;)]/td[3])[1]}]
Capabilities {acceptInsecureCerts: false, browserName: chrome, browserVersion: 116.0.5845.141, chrome: {chromedriverVersion: 116.0.5845.96 (1a3918166880..., userDataDir: C:\Users\AMIT~1.KHA\AppData...}, fedcm:accounts: true, goog:chromeOptions: {debuggerAddress: localhost:53323}, networkConnectionEnabled: false, pageLoadStrategy: normal, platformName: windows, proxy: Proxy(), se:cdp: ws://localhost:53323/devtoo..., se:cdpVersion: 116.0.5845.141, setWindowRect: true, strictFileInteractability: false, timeouts: {implicit: 0, pageLoad: 300000, script: 30000}, unhandledPromptBehavior: dismiss and notify, webauthn:extension:credBlob: true, webauthn:extension:largeBlob: true, webauthn:extension:minPinLength: true, webauthn:extension:prf: true, webauthn:virtualAuthenticators: true}
Session ID: 9c16ff5a31956c70fe8a2948219da591">
      <![CDATA[org.openqa.selenium.NoSuchElementException: no such element: Unable to locate element: {"method":"xpath","selector":"(//tr[contains(@class,'odd')]/td[3])[1]"}
  (Session info: chrome=116.0.5845.141)
For documentation on this error, please visit: https://www.selenium.dev/documentation/webdriver/troubleshooting/errors#no-such-element-exception
Build info: version: '4.11.0', revision: '040bc5406b'
System info: os.name: 'Windows 10', os.arch: 'amd64', os.version: '10.0', java.version: '16.0.2'
Driver info: org.openqa.selenium.chrome.ChromeDriver
Command: [9c16ff5a31956c70fe8a2948219da591, findElement {using=xpath, value=(//tr[contains(@class,'odd')]/td[3])[1]}]
Capabilities {acceptInsecureCerts: false, browserName: chrome, browserVersion: 116.0.5845.141, chrome: {chromedriverVersion: 116.0.5845.96 (1a3918166880..., userDataDir: C:\Users\AMIT~1.KHA\AppData...}, fedcm:accounts: true, goog:chromeOptions: {debuggerAddress: localhost:53323}, networkConnectionEnabled: false, pageLoadStrategy: normal, platformName: windows, proxy: Proxy(), se:cdp: ws://localhost:53323/devtoo..., se:cdpVersion: 116.0.5845.141, setWindowRect: true, strictFileInteractability: false, timeouts: {implicit: 0, pageLoad: 300000, script: 30000}, unhandledPromptBehavior: dismiss and notify, webauthn:extension:credBlob: true, webauthn:extension:largeBlob: true, webauthn:extension:minPinLength: true, webauthn:extension:prf: true, webauthn:virtualAuthenticators: true}
Session ID: 9c16ff5a31956c70fe8a2948219da591
at org.openqa.selenium.remote.codec.w3c.W3CHttpResponseCodec.createException(W3CHttpResponseCodec.java:200)
at org.openqa.selenium.remote.codec.w3c.W3CHttpResponseCodec.decode(W3CHttpResponseCodec.java:133)
at org.openqa.selenium.remote.codec.w3c.W3CHttpResponseCodec.decode(W3CHttpResponseCodec.java:52)
at org.openqa.selenium.remote.HttpCommandExecutor.execute(HttpCommandExecutor.java:191)
at org.openqa.selenium.remote.service.DriverCommandExecutor.invokeExecute(DriverCommandExecutor.java:196)
at org.openqa.selenium.remote.service.DriverCommandExecutor.execute(DriverCommandExecutor.java:171)
at org.openqa.selenium.remote.RemoteWebDriver.execute(RemoteWebDriver.java:518)
at org.openqa.selenium.remote.ElementLocation$ElementFinder$2.findElement(ElementLocation.java:165)
at org.openqa.selenium.remote.ElementLocation.findElement(ElementLocation.java:59)
at org.openqa.selenium.remote.RemoteWebDriver.findElement(RemoteWebDriver.java:355)
at org.openqa.selenium.remote.RemoteWebDriver.findElement(RemoteWebDriver.java:349)
at org.openqa.selenium.support.pagefactory.DefaultElementLocator.findElement(DefaultElementLocator.java:68)
at org.openqa.selenium.support.pagefactory.internal.LocatingElementHandler.invoke(LocatingElementHandler.java:38)
at jdk.proxy2/jdk.proxy2.$Proxy17.getText(Unknown Source)
at main.EDRM.hybridFramework.helper.wait.WaitHelper.waitForElementClickable(WaitHelper.java:111)
at main.EDRM.hybridFramework.TestBase.TestBase.click(TestBase.java:326)
at main.EDRM.hybridFramework.pageObject.CapturePage.clickOnFirstItemOfIntray(CapturePage.java:1059)
at tests.ATestIntrayListRegression.VerifyDistributeIconUsingBasicUser(ATestIntrayListRegression.java:483)
at java.base/java.util.ArrayList.forEach(ArrayList.java:1511)
at java.base/java.util.concurrent.FutureTask.run(FutureTask.java:264)
at java.base/java.util.concurrent.ThreadPoolExecutor.runWorker(ThreadPoolExecutor.java:1130)
at java.base/java.util.concurrent.ThreadPoolExecutor$Worker.run(ThreadPoolExecutor.java:630)
at java.base/java.lang.Thread.run(Thread.java:831)
... Removed 23 stack frames]]>
    </failure>
  </testcase> <!-- VerifyDistributeIconUsingBasicUser -->
  <testcase classname="tests.ATestIntrayListRegression" name="CreateNewBasicUser" time="0.0">
    <ignored/>
  </testcase> <!-- CreateNewBasicUser -->
  <testcase classname="tests.ATestIntrayListRegression" name="CreateNewSupervisorUser" time="0.0">
    <ignored/>
  </testcase> <!-- CreateNewSupervisorUser -->
  <testcase classname="tests.ATestIntrayListRegression" name="CaptureDocumentAndVerifyAssociatedDocumentsUsingBasicUser" time="0.0">
    <ignored/>
  </testcase> <!-- CaptureDocumentAndVerifyAssociatedDocumentsUsingBasicUser -->
  <testcase classname="tests.ATestIntrayListRegression" name="CaptureDocumentAndVerifyAssociatedDocumentsUsingSAU" time="0.0">
    <ignored/>
  </testcase> <!-- CaptureDocumentAndVerifyAssociatedDocumentsUsingSAU -->
  <testcase classname="tests.ATestIntrayListRegression" name="CreateNewFileSystemAdminUser" time="0.0">
    <ignored/>
  </testcase> <!-- CreateNewFileSystemAdminUser -->
  <testcase classname="tests.ATestIntrayListRegression" name="CaptureDocumentAndVerifyAssociatedDocumentsUsingFSA" time="0.0">
    <ignored/>
  </testcase> <!-- CaptureDocumentAndVerifyAssociatedDocumentsUsingFSA -->
  <testcase classname="tests.ATestIntrayListRegression" name="CaptureDocumentAndVerifyAssociatedDocumentsUsingSupervisorUser" time="0.0">
    <ignored/>
  </testcase> <!-- CaptureDocumentAndVerifyAssociatedDocumentsUsingSupervisorUser -->
  <testcase classname="tests.ATestIntrayListRegression" name="CreateNewStandardUser" time="0.0">
    <ignored/>
  </testcase> <!-- CreateNewStandardUser -->
  <testcase classname="tests.ATestIntrayListRegression" name="CaptureDocumentAndVerifyAssociatedDocumentsUsingStandardUser" time="0.0">
    <ignored/>
  </testcase> <!-- CaptureDocumentAndVerifyAssociatedDocumentsUsingStandardUser -->
  <testcase classname="tests.ATestIntrayListRegression" name="CreateNewSuperAdminUser" time="0.0">
    <ignored/>
  </testcase> <!-- CreateNewSuperAdminUser -->
</testsuite> <!-- IntrayList -->
