<?xml version="1.0" encoding="UTF-8"?>
<!-- Generated by org.testng.reporters.JUnitXMLReporter -->
<testsuite ignored="9" hostname="MUM-LAP-1086" failures="2" tests="2" name="Status" time="72.147" errors="0" timestamp="2022-04-20T18:47:15 IST">
  <testcase classname="tests.ATest_Demo_1" name="TestDataDownloadFolder1RefCSV" time="15.576">
    <failure type="org.openqa.selenium.ElementClickInterceptedException" message="element click intercepted: Element is not clickable at point (719, 683)
  (Session info: chrome=100.0.4896.127)
Build info: version: &amp;apos;3.14.0&amp;apos;, revision: &amp;apos;aacccce0&amp;apos;, time: &amp;apos;2018-08-02T20:19:58.91Z&amp;apos;
System info: host: &amp;apos;MUM-LAP-1086&amp;apos;, ip: &amp;apos;172.29.154.36&amp;apos;, os.name: &amp;apos;Windows 10&amp;apos;, os.arch: &amp;apos;amd64&amp;apos;, os.version: &amp;apos;10.0&amp;apos;, java.version: &amp;apos;17.0.2&amp;apos;
Driver info: org.openqa.selenium.chrome.ChromeDriver
Capabilities {acceptInsecureCerts: false, browserName: chrome, browserVersion: 100.0.4896.127, chrome: {chromedriverVersion: 100.0.4896.60 (6a5d10861ce8..., userDataDir: C:\Users\AMIT~1.KHA\AppData...}, goog:chromeOptions: {debuggerAddress: localhost:63876}, javascriptEnabled: true, networkConnectionEnabled: false, pageLoadStrategy: normal, platform: WINDOWS, platformName: WINDOWS, proxy: Proxy(), setWindowRect: true, strictFileInteractability: false, timeouts: {implicit: 0, pageLoad: 300000, script: 30000}, unhandledPromptBehavior: ignore, webauthn:extension:credBlob: true, webauthn:extension:largeBlob: true, webauthn:virtualAuthenticators: true}
Session ID: 45f9893ae866ea61bfe84859c2bf3a64">
      <![CDATA[org.openqa.selenium.ElementClickInterceptedException: element click intercepted: Element is not clickable at point (719, 683)
  (Session info: chrome=100.0.4896.127)
Build info: version: '3.14.0', revision: 'aacccce0', time: '2018-08-02T20:19:58.91Z'
System info: host: 'MUM-LAP-1086', ip: '172.29.154.36', os.name: 'Windows 10', os.arch: 'amd64', os.version: '10.0', java.version: '17.0.2'
Driver info: org.openqa.selenium.chrome.ChromeDriver
Capabilities {acceptInsecureCerts: false, browserName: chrome, browserVersion: 100.0.4896.127, chrome: {chromedriverVersion: 100.0.4896.60 (6a5d10861ce8..., userDataDir: C:\Users\AMIT~1.KHA\AppData...}, goog:chromeOptions: {debuggerAddress: localhost:63876}, javascriptEnabled: true, networkConnectionEnabled: false, pageLoadStrategy: normal, platform: WINDOWS, platformName: WINDOWS, proxy: Proxy(), setWindowRect: true, strictFileInteractability: false, timeouts: {implicit: 0, pageLoad: 300000, script: 30000}, unhandledPromptBehavior: ignore, webauthn:extension:credBlob: true, webauthn:extension:largeBlob: true, webauthn:virtualAuthenticators: true}
Session ID: 45f9893ae866ea61bfe84859c2bf3a64
at org.openqa.selenium.remote.http.W3CHttpResponseCodec.createException(W3CHttpResponseCodec.java:187)
at org.openqa.selenium.remote.http.W3CHttpResponseCodec.decode(W3CHttpResponseCodec.java:122)
at org.openqa.selenium.remote.http.W3CHttpResponseCodec.decode(W3CHttpResponseCodec.java:49)
at org.openqa.selenium.remote.HttpCommandExecutor.execute(HttpCommandExecutor.java:158)
at org.openqa.selenium.remote.service.DriverCommandExecutor.execute(DriverCommandExecutor.java:83)
at org.openqa.selenium.remote.RemoteWebDriver.execute(RemoteWebDriver.java:548)
at org.openqa.selenium.remote.RemoteWebElement.execute(RemoteWebElement.java:276)
at org.openqa.selenium.remote.RemoteWebElement.click(RemoteWebElement.java:83)
at main.EDRM.hybridFramework.helper.select.DropdownHelper.selectFromAutocompleDD(DropdownHelper.java:82)
at main.EDRM.hybridFramework.pageObject.Admin.AdminFolderSection.selectFieldsFromDataImport(AdminFolderSection.java:137)
at tests.ATest_Demo_1.TestDataDownloadFolder1RefCSV(ATest_Demo_1.java:308)
at java.base/java.util.ArrayList.forEach(ArrayList.java:1511)
at java.base/java.util.concurrent.FutureTask.run(FutureTask.java:264)
at java.base/java.util.concurrent.ThreadPoolExecutor.runWorker(ThreadPoolExecutor.java:1136)
at java.base/java.util.concurrent.ThreadPoolExecutor$Worker.run(ThreadPoolExecutor.java:635)
at java.base/java.lang.Thread.run(Thread.java:833)
... Removed 23 stack frames]]>
    </failure>
  </testcase> <!-- TestDataDownloadFolder1RefCSV -->
  <testcase classname="tests.ATest_Demo_1" name="TestDataDownloadFolder1RefFixedLength" time="15.019">
    <failure type="org.openqa.selenium.ElementClickInterceptedException" message="element click intercepted: Element is not clickable at point (583, 684)
  (Session info: chrome=100.0.4896.127)
Build info: version: &amp;apos;3.14.0&amp;apos;, revision: &amp;apos;aacccce0&amp;apos;, time: &amp;apos;2018-08-02T20:19:58.91Z&amp;apos;
System info: host: &amp;apos;MUM-LAP-1086&amp;apos;, ip: &amp;apos;172.29.154.36&amp;apos;, os.name: &amp;apos;Windows 10&amp;apos;, os.arch: &amp;apos;amd64&amp;apos;, os.version: &amp;apos;10.0&amp;apos;, java.version: &amp;apos;17.0.2&amp;apos;
Driver info: org.openqa.selenium.chrome.ChromeDriver
Capabilities {acceptInsecureCerts: false, browserName: chrome, browserVersion: 100.0.4896.127, chrome: {chromedriverVersion: 100.0.4896.60 (6a5d10861ce8..., userDataDir: C:\Users\AMIT~1.KHA\AppData...}, goog:chromeOptions: {debuggerAddress: localhost:63876}, javascriptEnabled: true, networkConnectionEnabled: false, pageLoadStrategy: normal, platform: WINDOWS, platformName: WINDOWS, proxy: Proxy(), setWindowRect: true, strictFileInteractability: false, timeouts: {implicit: 0, pageLoad: 300000, script: 30000}, unhandledPromptBehavior: ignore, webauthn:extension:credBlob: true, webauthn:extension:largeBlob: true, webauthn:virtualAuthenticators: true}
Session ID: 45f9893ae866ea61bfe84859c2bf3a64">
      <![CDATA[org.openqa.selenium.ElementClickInterceptedException: element click intercepted: Element is not clickable at point (583, 684)
  (Session info: chrome=100.0.4896.127)
Build info: version: '3.14.0', revision: 'aacccce0', time: '2018-08-02T20:19:58.91Z'
System info: host: 'MUM-LAP-1086', ip: '172.29.154.36', os.name: 'Windows 10', os.arch: 'amd64', os.version: '10.0', java.version: '17.0.2'
Driver info: org.openqa.selenium.chrome.ChromeDriver
Capabilities {acceptInsecureCerts: false, browserName: chrome, browserVersion: 100.0.4896.127, chrome: {chromedriverVersion: 100.0.4896.60 (6a5d10861ce8..., userDataDir: C:\Users\AMIT~1.KHA\AppData...}, goog:chromeOptions: {debuggerAddress: localhost:63876}, javascriptEnabled: true, networkConnectionEnabled: false, pageLoadStrategy: normal, platform: WINDOWS, platformName: WINDOWS, proxy: Proxy(), setWindowRect: true, strictFileInteractability: false, timeouts: {implicit: 0, pageLoad: 300000, script: 30000}, unhandledPromptBehavior: ignore, webauthn:extension:credBlob: true, webauthn:extension:largeBlob: true, webauthn:virtualAuthenticators: true}
Session ID: 45f9893ae866ea61bfe84859c2bf3a64
at org.openqa.selenium.remote.http.W3CHttpResponseCodec.createException(W3CHttpResponseCodec.java:187)
at org.openqa.selenium.remote.http.W3CHttpResponseCodec.decode(W3CHttpResponseCodec.java:122)
at org.openqa.selenium.remote.http.W3CHttpResponseCodec.decode(W3CHttpResponseCodec.java:49)
at org.openqa.selenium.remote.HttpCommandExecutor.execute(HttpCommandExecutor.java:158)
at org.openqa.selenium.remote.service.DriverCommandExecutor.execute(DriverCommandExecutor.java:83)
at org.openqa.selenium.remote.RemoteWebDriver.execute(RemoteWebDriver.java:548)
at org.openqa.selenium.remote.RemoteWebElement.execute(RemoteWebElement.java:276)
at org.openqa.selenium.remote.RemoteWebElement.click(RemoteWebElement.java:83)
at main.EDRM.hybridFramework.helper.select.DropdownHelper.selectFromAutocompleDD(DropdownHelper.java:82)
at main.EDRM.hybridFramework.pageObject.Admin.AdminFolderSection.selectFieldsWithLengthFromDataImport(AdminFolderSection.java:150)
at tests.ATest_Demo_1.TestDataDownloadFolder1RefFixedLength(ATest_Demo_1.java:328)
at java.base/java.util.ArrayList.forEach(ArrayList.java:1511)
at java.base/java.util.concurrent.FutureTask.run(FutureTask.java:264)
at java.base/java.util.concurrent.ThreadPoolExecutor.runWorker(ThreadPoolExecutor.java:1136)
at java.base/java.util.concurrent.ThreadPoolExecutor$Worker.run(ThreadPoolExecutor.java:635)
at java.base/java.lang.Thread.run(Thread.java:833)
... Removed 23 stack frames]]>
    </failure>
  </testcase> <!-- TestDataDownloadFolder1RefFixedLength -->
  <testcase classname="tests.ATest_Demo_1" name="TestMoreSearchIntrayList" time="0.0">
    <ignored/>
  </testcase> <!-- TestMoreSearchIntrayList -->
  <testcase classname="tests.ATest_Demo_1" name="TestIntrayAddButtonFunctionality" time="0.0">
    <ignored/>
  </testcase> <!-- TestIntrayAddButtonFunctionality -->
  <testcase classname="tests.ATest_Demo_1" name="TestTeamDocumentIntrayListMoreSearch" time="0.0">
    <ignored/>
  </testcase> <!-- TestTeamDocumentIntrayListMoreSearch -->
  <testcase classname="tests.ATest_Demo_1" name="TestMyIntrayEditMetada" time="0.0">
    <ignored/>
  </testcase> <!-- TestMyIntrayEditMetada -->
  <testcase classname="tests.ATest_Demo_1" name="TestMoreSearchDocumentList" time="0.0">
    <ignored/>
  </testcase> <!-- TestMoreSearchDocumentList -->
  <testcase classname="tests.ATest_Demo_1" name="TestMailStatusDocumentIntrayListMoreSearch" time="0.0">
    <ignored/>
  </testcase> <!-- TestMailStatusDocumentIntrayListMoreSearch -->
  <testcase classname="tests.ATest_Demo_1" name="TestSearchDocInTraylistandChangeStatusToInprogress" time="0.0">
    <ignored/>
  </testcase> <!-- TestSearchDocInTraylistandChangeStatusToInprogress -->
  <testcase classname="tests.ATest_Demo_1" name="TestIntrayAssociatedFunctionality" time="0.0">
    <ignored/>
  </testcase> <!-- TestIntrayAssociatedFunctionality -->
  <testcase classname="tests.ATest_Demo_1" name="TestSearchDocInTraylistandChangeStatus" time="0.0">
    <ignored/>
  </testcase> <!-- TestSearchDocInTraylistandChangeStatus -->
</testsuite> <!-- Status -->
