<?xml version="1.0" encoding="UTF-8"?>
<!-- Generated by org.testng.reporters.JUnitXMLReporter -->
<testsuite ignored="9" hostname="EDM-VM-CL01" failures="0" tests="12" name="UserSecurityAccess" time="0.159" errors="0" timestamp="2023-10-30T05:54:46 IST">
  <testcase classname="main.EDRM.hybridFramework.TestBase.TestBase" name="@BeforeSuite beforeSuite" time="19.756">
    <failure type="org.openqa.selenium.SessionNotCreatedException" message="Could not start a new session. Response code 500. Message: session not created: Chrome failed to start: exited normally.
  (session not created: DevToolsActivePort file doesn&amp;apos;t exist)
  (The process started from chrome location C:\Program Files\Google\Chrome\Application\chrome.exe is no longer running, so ChromeDriver is assuming that Chrome has crashed.) 
Host info: host: &amp;apos;EDM-VM-CL01&amp;apos;, ip: &amp;apos;10.102.65.242&amp;apos;
Build info: version: &amp;apos;4.11.0&amp;apos;, revision: &amp;apos;040bc5406b&amp;apos;
System info: os.name: &amp;apos;Windows 10&amp;apos;, os.arch: &amp;apos;amd64&amp;apos;, os.version: &amp;apos;10.0&amp;apos;, java.version: &amp;apos;16.0.2&amp;apos;
Driver info: org.openqa.selenium.chrome.ChromeDriver
Command: [null, newSession {capabilities=[Capabilities {browserName: chrome, goog:chromeOptions: {args: [--disable-popup-blocking, --test-type, disable-infobars, --remote-allow-origins=*], binary: C:\Program Files\Google\Chr..., extensions: [], useAutomationExtension: false}}]}]">
      <![CDATA[org.openqa.selenium.SessionNotCreatedException: Could not start a new session. Response code 500. Message: session not created: Chrome failed to start: exited normally.
  (session not created: DevToolsActivePort file doesn't exist)
  (The process started from chrome location C:\Program Files\Google\Chrome\Application\chrome.exe is no longer running, so ChromeDriver is assuming that Chrome has crashed.) 
Host info: host: 'EDM-VM-CL01', ip: '10.102.65.242'
Build info: version: '4.11.0', revision: '040bc5406b'
System info: os.name: 'Windows 10', os.arch: 'amd64', os.version: '10.0', java.version: '16.0.2'
Driver info: org.openqa.selenium.chrome.ChromeDriver
Command: [null, newSession {capabilities=[Capabilities {browserName: chrome, goog:chromeOptions: {args: [--disable-popup-blocking, --test-type, disable-infobars, --remote-allow-origins=*], binary: C:\Program Files\Google\Chr..., extensions: [], useAutomationExtension: false}}]}]
at org.openqa.selenium.remote.ProtocolHandshake.createSession(ProtocolHandshake.java:140)
at org.openqa.selenium.remote.ProtocolHandshake.createSession(ProtocolHandshake.java:96)
at org.openqa.selenium.remote.ProtocolHandshake.createSession(ProtocolHandshake.java:68)
at org.openqa.selenium.remote.HttpCommandExecutor.execute(HttpCommandExecutor.java:163)
at org.openqa.selenium.remote.service.DriverCommandExecutor.invokeExecute(DriverCommandExecutor.java:196)
at org.openqa.selenium.remote.service.DriverCommandExecutor.execute(DriverCommandExecutor.java:171)
at org.openqa.selenium.remote.RemoteWebDriver.execute(RemoteWebDriver.java:518)
at org.openqa.selenium.remote.RemoteWebDriver.startSession(RemoteWebDriver.java:232)
at org.openqa.selenium.remote.RemoteWebDriver.<init>(RemoteWebDriver.java:159)
at org.openqa.selenium.chromium.ChromiumDriver.<init>(ChromiumDriver.java:108)
at org.openqa.selenium.chrome.ChromeDriver.<init>(ChromeDriver.java:88)
at org.openqa.selenium.chrome.ChromeDriver.<init>(ChromeDriver.java:83)
at org.openqa.selenium.chrome.ChromeDriver.<init>(ChromeDriver.java:72)
at main.EDRM.hybridFramework.helper.browserConfigurations.ChromeBrowser.getChromeDriver(ChromeBrowser.java:32)
at main.EDRM.hybridFramework.TestBase.TestBase.getBrowserObject(TestBase.java:165)
at main.EDRM.hybridFramework.TestBase.TestBase.setUpDriver(TestBase.java:188)
at main.EDRM.hybridFramework.TestBase.TestBase.beforeSuite(TestBase.java:95)
... Removed 19 stack frames]]>
    </failure>
  </testcase> <!-- @BeforeSuite beforeSuite -->
  <testcase classname="tests.TestUserSecurityAccess" name="@BeforeClass setupClass" time="-1.69862548654E9">
    <skipped/>
  </testcase> <!-- @BeforeClass setupClass -->
  <testcase classname="main.EDRM.hybridFramework.TestBase.TestBase" name="@BeforeMethod beforeMethod" time="-1.698625486541E9">
    <skipped/>
  </testcase> <!-- @BeforeMethod beforeMethod -->
  <testcase classname="main.EDRM.hybridFramework.TestBase.TestBase" name="@AfterMethod afterMethod" time="-1.698625486552E9">
    <skipped/>
  </testcase> <!-- @AfterMethod afterMethod -->
  <testcase classname="main.EDRM.hybridFramework.TestBase.TestBase" name="@BeforeMethod beforeMethod" time="-1.69862548656E9">
    <skipped/>
  </testcase> <!-- @BeforeMethod beforeMethod -->
  <testcase classname="main.EDRM.hybridFramework.TestBase.TestBase" name="@AfterMethod afterMethod" time="-1.698625486568E9">
    <skipped/>
  </testcase> <!-- @AfterMethod afterMethod -->
  <testcase classname="main.EDRM.hybridFramework.TestBase.TestBase" name="@BeforeMethod beforeMethod" time="-1.698625486631E9">
    <skipped/>
  </testcase> <!-- @BeforeMethod beforeMethod -->
  <testcase classname="main.EDRM.hybridFramework.TestBase.TestBase" name="@AfterMethod afterMethod" time="-1.698625486635E9">
    <skipped/>
  </testcase> <!-- @AfterMethod afterMethod -->
  <testcase classname="main.EDRM.hybridFramework.TestBase.TestBase" name="@BeforeMethod beforeMethod" time="-1.698625486642E9">
    <skipped/>
  </testcase> <!-- @BeforeMethod beforeMethod -->
  <testcase classname="main.EDRM.hybridFramework.TestBase.TestBase" name="@AfterMethod afterMethod" time="-1.698625486647E9">
    <skipped/>
  </testcase> <!-- @AfterMethod afterMethod -->
  <testcase classname="main.EDRM.hybridFramework.TestBase.TestBase" name="@BeforeMethod beforeMethod" time="-1.698625486663E9">
    <skipped/>
  </testcase> <!-- @BeforeMethod beforeMethod -->
  <testcase classname="main.EDRM.hybridFramework.TestBase.TestBase" name="@AfterMethod afterMethod" time="-1.698625486695E9">
    <skipped/>
  </testcase> <!-- @AfterMethod afterMethod -->
  <testcase classname="tests.TestUserSecurityAccess" name="TestVerifyBrowseFileSystem" time="0.0">
    <skipped/>
  </testcase> <!-- TestVerifyBrowseFileSystem -->
  <testcase classname="tests.TestUserSecurityAccess" name="EditUserSecurityLevel" time="0.0">
    <skipped/>
  </testcase> <!-- EditUserSecurityLevel -->
  <testcase classname="tests.TestUserSecurityAccess" name="UpdateDocumentTypeSecurity" time="0.0">
    <skipped/>
  </testcase> <!-- UpdateDocumentTypeSecurity -->
  <testcase classname="tests.TestUserSecurityAccess" name="TestCaptureFormFilling" time="0.0">
    <skipped/>
  </testcase> <!-- TestCaptureFormFilling -->
  <testcase classname="tests.TestUserSecurityAccess" name="VerifyErrorInDistribute" time="0.0">
    <skipped/>
  </testcase> <!-- VerifyErrorInDistribute -->
  <testcase classname="tests.TestUserSecurityAccess" name="UpdateDocumentTypeSecurityToDefault" time="0.0">
    <skipped/>
  </testcase> <!-- UpdateDocumentTypeSecurityToDefault -->
  <testcase classname="tests.TestUserSecurityAccess" name="EditUserSecurityLevelOnceAgain" time="0.0">
    <skipped/>
  </testcase> <!-- EditUserSecurityLevelOnceAgain -->
  <testcase classname="tests.TestUserSecurityAccess" name="VerifyCheckInRight" time="0.0">
    <skipped/>
  </testcase> <!-- VerifyCheckInRight -->
  <testcase classname="tests.TestUserSecurityAccess" name="VerifyNextEmailButton" time="0.0">
    <skipped/>
  </testcase> <!-- VerifyNextEmailButton -->
  <testcase classname="tests.TestUserSecurityAccess" name="TestLinkingAvailableSecurityUnchecked" time="0.0">
    <skipped/>
  </testcase> <!-- TestLinkingAvailableSecurityUnchecked -->
  <testcase classname="tests.TestUserSecurityAccess" name="TestLinkingAvailableSecurityChecked" time="0.0">
    <skipped/>
  </testcase> <!-- TestLinkingAvailableSecurityChecked -->
  <testcase classname="tests.TestUserSecurityAccess" name="TestDistributionSecurityRight" time="0.0">
    <skipped/>
  </testcase> <!-- TestDistributionSecurityRight -->
  <testcase classname="tests.TestUserSecurityAccess" name="TestVerifyDocSearchAcrossFileSystem" time="0.0">
    <ignored/>
  </testcase> <!-- TestVerifyDocSearchAcrossFileSystem -->
  <testcase classname="tests.TestUserSecurityAccess" name="TestVerifyDiffTaskDiffFileSystem" time="0.0">
    <ignored/>
  </testcase> <!-- TestVerifyDiffTaskDiffFileSystem -->
  <testcase classname="tests.TestUserSecurityAccess" name="TestBatchIndexDifferentFileSystem" time="0.0">
    <ignored/>
  </testcase> <!-- TestBatchIndexDifferentFileSystem -->
  <testcase classname="tests.TestUserSecurityAccess" name="RereferenceDocumentToDifferentFileSystem" time="0.0">
    <ignored/>
  </testcase> <!-- RereferenceDocumentToDifferentFileSystem -->
  <testcase classname="tests.TestUserSecurityAccess" name="TestVerifylogoutAllFileSystem" time="0.0">
    <ignored/>
  </testcase> <!-- TestVerifylogoutAllFileSystem -->
  <testcase classname="tests.TestUserSecurityAccess" name="TestFolder1RefSearchAcrossFileSystem" time="0.0">
    <ignored/>
  </testcase> <!-- TestFolder1RefSearchAcrossFileSystem -->
  <testcase classname="tests.TestUserSecurityAccess" name="TestNonAdminUserDeleteButtonAccess" time="0.0">
    <ignored/>
  </testcase> <!-- TestNonAdminUserDeleteButtonAccess -->
  <testcase classname="tests.TestUserSecurityAccess" name="TestVerifyUserBrowseOtherFileSystem" time="0.0">
    <ignored/>
  </testcase> <!-- TestVerifyUserBrowseOtherFileSystem -->
  <testcase classname="tests.TestUserSecurityAccess" name="TestLinkingAvailableSecurityCheckeddf" time="0.0">
    <ignored/>
  </testcase> <!-- TestLinkingAvailableSecurityCheckeddf -->
</testsuite> <!-- UserSecurityAccess -->
