<?xml version="1.0" encoding="UTF-8"?>
<!-- Generated by org.testng.reporters.JUnitReportReporter -->
<testsuite hostname="EDM-VM-CL01" failures="0" tests="20" name="tests.ATestIntrayListRegression" time="590.682" errors="1" timestamp="2023-09-04T18:08:08 IST" skipped="10">
  <testcase classname="tests.ATestIntrayListRegression" name="loginwithsuperuser" time="53.403"/>
  <system-out/>
  <testcase classname="tests.ATestIntrayListRegression" name="VerifyDistributeIconUsingSuperAdminUser" time="92.454"/>
  <system-out/>
  <testcase classname="tests.ATestIntrayListRegression" name="LoginUsingFileSystemAdminUser" time="43.729"/>
  <system-out/>
  <testcase classname="tests.ATestIntrayListRegression" name="VerifyDistributeIconUsingFileSystemAdminUser" time="196.974"/>
  <system-out/>
  <testcase classname="tests.ATestIntrayListRegression" name="LoginUsingSupervisorUser" time="75.529"/>
  <system-out/>
  <testcase classname="tests.ATestIntrayListRegression" name="VerifyDistributeIconUsingSupervisorUser" time="21.259"/>
  <system-out/>
  <testcase classname="tests.ATestIntrayListRegression" name="LoingUsingStandardUser" time="40.117"/>
  <system-out/>
  <testcase classname="tests.ATestIntrayListRegression" name="VerifyDistributeIconUsingStandardUser" time="17.294"/>
  <system-out/>
  <testcase classname="tests.ATestIntrayListRegression" name="LoginWithBasicUser" time="42.659"/>
  <system-out/>
  <testcase classname="tests.ATestIntrayListRegression" name="VerifyDistributeIconUsingBasicUser" time="7.264">
    <error message="no such element: Unable to locate element: {&quot;method&quot;:&quot;xpath&quot;,&quot;selector&quot;:&quot;(//tr[contains(@class,&#039;odd&#039;)]/td[3])[1]&quot;}
  (Session info: chrome=116.0.5845.141)
For documentation on this error, please visit: https://www.selenium.dev/documentation/webdriver/troubleshooting/errors#no-such-element-exception
Build info: version: &#039;4.11.0&#039;, revision: &#039;040bc5406b&#039;
System info: os.name: &#039;Windows 10&#039;, os.arch: &#039;amd64&#039;, os.version: &#039;10.0&#039;, java.version: &#039;16.0.2&#039;
Driver info: org.openqa.selenium.chrome.ChromeDriver
Command: [9c16ff5a31956c70fe8a2948219da591, findElement {using=xpath, value=(//tr[contains(@class,&#039;odd&#039;)]/td[3])[1]}]
Capabilities {acceptInsecureCerts: false, browserName: chrome, browserVersion: 116.0.5845.141, chrome: {chromedriverVersion: 116.0.5845.96 (1a3918166880..., userDataDir: C:\Users\AMIT~1.KHA\AppData...}, fedcm:accounts: true, goog:chromeOptions: {debuggerAddress: localhost:53323}, networkConnectionEnabled: false, pageLoadStrategy: normal, platformName: windows, proxy: Proxy(), se:cdp: ws://localhost:53323/devtoo..., se:cdpVersion: 116.0.5845.141, setWindowRect: true, strictFileInteractability: false, timeouts: {implicit: 0, pageLoad: 300000, script: 30000}, unhandledPromptBehavior: dismiss and notify, webauthn:extension:credBlob: true, webauthn:extension:largeBlob: true, webauthn:extension:minPinLength: true, webauthn:extension:prf: true, webauthn:virtualAuthenticators: true}
Session ID: 9c16ff5a31956c70fe8a2948219da591" type="org.openqa.selenium.NoSuchElementException">
      <![CDATA[org.openqa.selenium.NoSuchElementException: no such element: Unable to locate element: {"method":"xpath","selector":"(//tr[contains(@class,'odd')]/td[3])[1]"}
  (Session info: chrome=116.0.5845.141)
For documentation on this error, please visit: https://www.selenium.dev/documentation/webdriver/troubleshooting/errors#no-such-element-exception
Build info: version: '4.11.0', revision: '040bc5406b'
System info: os.name: 'Windows 10', os.arch: 'amd64', os.version: '10.0', java.version: '16.0.2'
Driver info: org.openqa.selenium.chrome.ChromeDriver
Command: [9c16ff5a31956c70fe8a2948219da591, findElement {using=xpath, value=(//tr[contains(@class,'odd')]/td[3])[1]}]
Capabilities {acceptInsecureCerts: false, browserName: chrome, browserVersion: 116.0.5845.141, chrome: {chromedriverVersion: 116.0.5845.96 (1a3918166880..., userDataDir: C:\Users\AMIT~1.KHA\AppData...}, fedcm:accounts: true, goog:chromeOptions: {debuggerAddress: localhost:53323}, networkConnectionEnabled: false, pageLoadStrategy: normal, platformName: windows, proxy: Proxy(), se:cdp: ws://localhost:53323/devtoo..., se:cdpVersion: 116.0.5845.141, setWindowRect: true, strictFileInteractability: false, timeouts: {implicit: 0, pageLoad: 300000, script: 30000}, unhandledPromptBehavior: dismiss and notify, webauthn:extension:credBlob: true, webauthn:extension:largeBlob: true, webauthn:extension:minPinLength: true, webauthn:extension:prf: true, webauthn:virtualAuthenticators: true}
Session ID: 9c16ff5a31956c70fe8a2948219da591
at java.base/jdk.internal.reflect.NativeConstructorAccessorImpl.newInstance0(Native Method)
at java.base/jdk.internal.reflect.NativeConstructorAccessorImpl.newInstance(NativeConstructorAccessorImpl.java:78)
at java.base/jdk.internal.reflect.DelegatingConstructorAccessorImpl.newInstance(DelegatingConstructorAccessorImpl.java:45)
at java.base/java.lang.reflect.Constructor.newInstanceWithCaller(Constructor.java:499)
at java.base/java.lang.reflect.Constructor.newInstance(Constructor.java:480)
at org.openqa.selenium.remote.codec.w3c.W3CHttpResponseCodec.createException(W3CHttpResponseCodec.java:200)
at org.openqa.selenium.remote.codec.w3c.W3CHttpResponseCodec.decode(W3CHttpResponseCodec.java:133)
at org.openqa.selenium.remote.codec.w3c.W3CHttpResponseCodec.decode(W3CHttpResponseCodec.java:52)
at org.openqa.selenium.remote.HttpCommandExecutor.execute(HttpCommandExecutor.java:191)
at org.openqa.selenium.remote.service.DriverCommandExecutor.invokeExecute(DriverCommandExecutor.java:196)
at org.openqa.selenium.remote.service.DriverCommandExecutor.execute(DriverCommandExecutor.java:171)
at org.openqa.selenium.remote.RemoteWebDriver.execute(RemoteWebDriver.java:518)
at org.openqa.selenium.remote.ElementLocation$ElementFinder$2.findElement(ElementLocation.java:165)
at org.openqa.selenium.remote.ElementLocation.findElement(ElementLocation.java:59)
at org.openqa.selenium.remote.RemoteWebDriver.findElement(RemoteWebDriver.java:355)
at org.openqa.selenium.remote.RemoteWebDriver.findElement(RemoteWebDriver.java:349)
at org.openqa.selenium.support.pagefactory.DefaultElementLocator.findElement(DefaultElementLocator.java:68)
at org.openqa.selenium.support.pagefactory.internal.LocatingElementHandler.invoke(LocatingElementHandler.java:38)
at jdk.proxy2/jdk.proxy2.$Proxy17.getText(Unknown Source)
at main.EDRM.hybridFramework.helper.wait.WaitHelper.waitForElementClickable(WaitHelper.java:111)
at main.EDRM.hybridFramework.TestBase.TestBase.click(TestBase.java:326)
at main.EDRM.hybridFramework.pageObject.CapturePage.clickOnFirstItemOfIntray(CapturePage.java:1059)
at tests.ATestIntrayListRegression.VerifyDistributeIconUsingBasicUser(ATestIntrayListRegression.java:483)
at java.base/jdk.internal.reflect.NativeMethodAccessorImpl.invoke0(Native Method)
at java.base/jdk.internal.reflect.NativeMethodAccessorImpl.invoke(NativeMethodAccessorImpl.java:78)
at java.base/jdk.internal.reflect.DelegatingMethodAccessorImpl.invoke(DelegatingMethodAccessorImpl.java:43)
at java.base/java.lang.reflect.Method.invoke(Method.java:567)
at org.testng.internal.MethodInvocationHelper.invokeMethod(MethodInvocationHelper.java:133)
at org.testng.internal.TestInvoker.invokeMethod(TestInvoker.java:598)
at org.testng.internal.TestInvoker.invokeTestMethod(TestInvoker.java:173)
at org.testng.internal.MethodRunner.runInSequence(MethodRunner.java:46)
at org.testng.internal.TestInvoker$MethodInvocationAgent.invoke(TestInvoker.java:824)
at org.testng.internal.TestInvoker.invokeTestMethods(TestInvoker.java:146)
at org.testng.internal.TestMethodWorker.invokeTestMethods(TestMethodWorker.java:146)
at org.testng.internal.TestMethodWorker.run(TestMethodWorker.java:128)
at java.base/java.util.ArrayList.forEach(ArrayList.java:1511)
at org.testng.TestRunner.privateRun(TestRunner.java:794)
at org.testng.TestRunner.run(TestRunner.java:596)
at org.testng.SuiteRunner.runTest(SuiteRunner.java:377)
at org.testng.SuiteRunner.access$000(SuiteRunner.java:28)
at org.testng.SuiteRunner$SuiteWorker.run(SuiteRunner.java:418)
at org.testng.internal.thread.ThreadUtil.lambda$execute$0(ThreadUtil.java:64)
at java.base/java.util.concurrent.FutureTask.run(FutureTask.java:264)
at java.base/java.util.concurrent.ThreadPoolExecutor.runWorker(ThreadPoolExecutor.java:1130)
at java.base/java.util.concurrent.ThreadPoolExecutor$Worker.run(ThreadPoolExecutor.java:630)
at java.base/java.lang.Thread.run(Thread.java:831)
]]>
    </error>
  </testcase> <!-- VerifyDistributeIconUsingBasicUser -->
  <system-out/>
  <testcase classname="tests.ATestIntrayListRegression" name="CreateNewBasicUser">
    <skipped/>
  </testcase> <!-- CreateNewBasicUser -->
  <system-out/>
  <testcase classname="tests.ATestIntrayListRegression" name="CreateNewSupervisorUser">
    <skipped/>
  </testcase> <!-- CreateNewSupervisorUser -->
  <system-out/>
  <testcase classname="tests.ATestIntrayListRegression" name="CaptureDocumentAndVerifyAssociatedDocumentsUsingBasicUser">
    <skipped/>
  </testcase> <!-- CaptureDocumentAndVerifyAssociatedDocumentsUsingBasicUser -->
  <system-out/>
  <testcase classname="tests.ATestIntrayListRegression" name="CaptureDocumentAndVerifyAssociatedDocumentsUsingSAU">
    <skipped/>
  </testcase> <!-- CaptureDocumentAndVerifyAssociatedDocumentsUsingSAU -->
  <system-out/>
  <testcase classname="tests.ATestIntrayListRegression" name="CreateNewFileSystemAdminUser">
    <skipped/>
  </testcase> <!-- CreateNewFileSystemAdminUser -->
  <system-out/>
  <testcase classname="tests.ATestIntrayListRegression" name="CaptureDocumentAndVerifyAssociatedDocumentsUsingFSA">
    <skipped/>
  </testcase> <!-- CaptureDocumentAndVerifyAssociatedDocumentsUsingFSA -->
  <system-out/>
  <testcase classname="tests.ATestIntrayListRegression" name="CaptureDocumentAndVerifyAssociatedDocumentsUsingSupervisorUser">
    <skipped/>
  </testcase> <!-- CaptureDocumentAndVerifyAssociatedDocumentsUsingSupervisorUser -->
  <system-out/>
  <testcase classname="tests.ATestIntrayListRegression" name="CreateNewStandardUser">
    <skipped/>
  </testcase> <!-- CreateNewStandardUser -->
  <system-out/>
  <testcase classname="tests.ATestIntrayListRegression" name="CaptureDocumentAndVerifyAssociatedDocumentsUsingStandardUser">
    <skipped/>
  </testcase> <!-- CaptureDocumentAndVerifyAssociatedDocumentsUsingStandardUser -->
  <system-out/>
  <testcase classname="tests.ATestIntrayListRegression" name="CreateNewSuperAdminUser">
    <skipped/>
  </testcase> <!-- CreateNewSuperAdminUser -->
  <system-out/>
</testsuite> <!-- tests.ATestIntrayListRegression -->
