<?xml version="1.0" encoding="UTF-8"?>
<!-- Generated by org.testng.reporters.JUnitReportReporter -->
<testsuite hostname="EDM-VM-CL01" failures="0" tests="37" name="tests.ATestRegressionCapture" time="246.509" errors="2" timestamp="2022-09-07T03:51:15 GMT-07:00" skipped="32">
  <testcase classname="tests.ATestRegressionCapture" name="TestCaptureMemoIndividualDocument" time="49.756"/>
  <system-out/>
  <testcase classname="tests.ATestRegressionCapture" name="TestCaptureMemoTeamDocument" time="53.123">
    <error message="no such element: Unable to locate element: {&quot;method&quot;:&quot;xpath&quot;,&quot;selector&quot;:&quot;//tr[contains(@class,&#039;odd&#039;)]/td[2]&quot;}
  (Session info: chrome=105.0.5195.102)
For documentation on this error, please visit: http://seleniumhq.org/exceptions/no_such_element.html
Build info: version: &#039;3.14.0&#039;, revision: &#039;aacccce0&#039;, time: &#039;2018-08-02T20:19:58.91Z&#039;
System info: host: &#039;EDM-VM-CL01&#039;, ip: &#039;10.102.65.242&#039;, os.name: &#039;Windows 10&#039;, os.arch: &#039;amd64&#039;, os.version: &#039;10.0&#039;, java.version: &#039;16.0.2&#039;
Driver info: org.openqa.selenium.chrome.ChromeDriver
Capabilities {acceptInsecureCerts: false, browserName: chrome, browserVersion: 105.0.5195.102, chrome: {chromedriverVersion: 105.0.5195.52 (412c95e51883..., userDataDir: C:\Users\AMIT~1.KHA\AppData...}, goog:chromeOptions: {debuggerAddress: localhost:52956}, javascriptEnabled: true, networkConnectionEnabled: false, pageLoadStrategy: normal, platform: WINDOWS, platformName: WINDOWS, proxy: Proxy(), setWindowRect: true, strictFileInteractability: false, timeouts: {implicit: 0, pageLoad: 300000, script: 30000}, unhandledPromptBehavior: ignore, webauthn:extension:credBlob: true, webauthn:extension:largeBlob: true, webauthn:virtualAuthenticators: true}
Session ID: 6e6066b50669b892ed8aefcde2b262be
*** Element info: {Using=xpath, value=//tr[contains(@class,&#039;odd&#039;)]/td[2]}" type="org.openqa.selenium.NoSuchElementException">
      <![CDATA[org.openqa.selenium.NoSuchElementException: no such element: Unable to locate element: {"method":"xpath","selector":"//tr[contains(@class,'odd')]/td[2]"}
  (Session info: chrome=105.0.5195.102)
For documentation on this error, please visit: http://seleniumhq.org/exceptions/no_such_element.html
Build info: version: '3.14.0', revision: 'aacccce0', time: '2018-08-02T20:19:58.91Z'
System info: host: 'EDM-VM-CL01', ip: '10.102.65.242', os.name: 'Windows 10', os.arch: 'amd64', os.version: '10.0', java.version: '16.0.2'
Driver info: org.openqa.selenium.chrome.ChromeDriver
Capabilities {acceptInsecureCerts: false, browserName: chrome, browserVersion: 105.0.5195.102, chrome: {chromedriverVersion: 105.0.5195.52 (412c95e51883..., userDataDir: C:\Users\AMIT~1.KHA\AppData...}, goog:chromeOptions: {debuggerAddress: localhost:52956}, javascriptEnabled: true, networkConnectionEnabled: false, pageLoadStrategy: normal, platform: WINDOWS, platformName: WINDOWS, proxy: Proxy(), setWindowRect: true, strictFileInteractability: false, timeouts: {implicit: 0, pageLoad: 300000, script: 30000}, unhandledPromptBehavior: ignore, webauthn:extension:credBlob: true, webauthn:extension:largeBlob: true, webauthn:virtualAuthenticators: true}
Session ID: 6e6066b50669b892ed8aefcde2b262be
*** Element info: {Using=xpath, value=//tr[contains(@class,'odd')]/td[2]}
at java.base/jdk.internal.reflect.NativeConstructorAccessorImpl.newInstance0(Native Method)
at java.base/jdk.internal.reflect.NativeConstructorAccessorImpl.newInstance(NativeConstructorAccessorImpl.java:78)
at java.base/jdk.internal.reflect.DelegatingConstructorAccessorImpl.newInstance(DelegatingConstructorAccessorImpl.java:45)
at java.base/java.lang.reflect.Constructor.newInstanceWithCaller(Constructor.java:499)
at java.base/java.lang.reflect.Constructor.newInstance(Constructor.java:480)
at org.openqa.selenium.remote.http.W3CHttpResponseCodec.createException(W3CHttpResponseCodec.java:187)
at org.openqa.selenium.remote.http.W3CHttpResponseCodec.decode(W3CHttpResponseCodec.java:122)
at org.openqa.selenium.remote.http.W3CHttpResponseCodec.decode(W3CHttpResponseCodec.java:49)
at org.openqa.selenium.remote.HttpCommandExecutor.execute(HttpCommandExecutor.java:158)
at org.openqa.selenium.remote.service.DriverCommandExecutor.execute(DriverCommandExecutor.java:83)
at org.openqa.selenium.remote.RemoteWebDriver.execute(RemoteWebDriver.java:548)
at org.openqa.selenium.remote.RemoteWebDriver.findElement(RemoteWebDriver.java:322)
at org.openqa.selenium.remote.RemoteWebDriver.findElementByXPath(RemoteWebDriver.java:424)
at org.openqa.selenium.By$ByXPath.findElement(By.java:353)
at org.openqa.selenium.remote.RemoteWebDriver.findElement(RemoteWebDriver.java:314)
at main.EDRM.hybridFramework.pageObject.IntrayToolsPage.getColumnValueOfDocument(IntrayToolsPage.java:602)
at tests.ATestRegressionCapture.TestCaptureMemoTeamDocument(ATestRegressionCapture.java:1486)
at java.base/jdk.internal.reflect.NativeMethodAccessorImpl.invoke0(Native Method)
at java.base/jdk.internal.reflect.NativeMethodAccessorImpl.invoke(NativeMethodAccessorImpl.java:78)
at java.base/jdk.internal.reflect.DelegatingMethodAccessorImpl.invoke(DelegatingMethodAccessorImpl.java:43)
at java.base/java.lang.reflect.Method.invoke(Method.java:567)
at org.testng.internal.MethodInvocationHelper.invokeMethod(MethodInvocationHelper.java:133)
at org.testng.internal.TestInvoker.invokeMethod(TestInvoker.java:598)
at org.testng.internal.TestInvoker.invokeTestMethod(TestInvoker.java:173)
at org.testng.internal.MethodRunner.runInSequence(MethodRunner.java:46)
at org.testng.internal.TestInvoker$MethodInvocationAgent.invoke(TestInvoker.java:824)
at org.testng.internal.TestInvoker.invokeTestMethods(TestInvoker.java:146)
at org.testng.internal.TestMethodWorker.invokeTestMethods(TestMethodWorker.java:146)
at org.testng.internal.TestMethodWorker.run(TestMethodWorker.java:128)
at java.base/java.util.concurrent.ThreadPoolExecutor.runWorker(ThreadPoolExecutor.java:1130)
at java.base/java.util.concurrent.ThreadPoolExecutor$Worker.run(ThreadPoolExecutor.java:630)
at java.base/java.lang.Thread.run(Thread.java:831)
]]>
    </error>
  </testcase> <!-- TestCaptureMemoTeamDocument -->
  <system-out/>
  <testcase classname="tests.ATestRegressionCapture" name="TestCaptureMemoAutomaticDocument" time="62.589">
    <error message="no such element: Unable to locate element: {&quot;method&quot;:&quot;xpath&quot;,&quot;selector&quot;:&quot;//tr[contains(@class,&#039;odd&#039;)]/td[2]&quot;}
  (Session info: chrome=105.0.5195.102)
For documentation on this error, please visit: http://seleniumhq.org/exceptions/no_such_element.html
Build info: version: &#039;3.14.0&#039;, revision: &#039;aacccce0&#039;, time: &#039;2018-08-02T20:19:58.91Z&#039;
System info: host: &#039;EDM-VM-CL01&#039;, ip: &#039;10.102.65.242&#039;, os.name: &#039;Windows 10&#039;, os.arch: &#039;amd64&#039;, os.version: &#039;10.0&#039;, java.version: &#039;16.0.2&#039;
Driver info: org.openqa.selenium.chrome.ChromeDriver
Capabilities {acceptInsecureCerts: false, browserName: chrome, browserVersion: 105.0.5195.102, chrome: {chromedriverVersion: 105.0.5195.52 (412c95e51883..., userDataDir: C:\Users\AMIT~1.KHA\AppData...}, goog:chromeOptions: {debuggerAddress: localhost:52956}, javascriptEnabled: true, networkConnectionEnabled: false, pageLoadStrategy: normal, platform: WINDOWS, platformName: WINDOWS, proxy: Proxy(), setWindowRect: true, strictFileInteractability: false, timeouts: {implicit: 0, pageLoad: 300000, script: 30000}, unhandledPromptBehavior: ignore, webauthn:extension:credBlob: true, webauthn:extension:largeBlob: true, webauthn:virtualAuthenticators: true}
Session ID: 6e6066b50669b892ed8aefcde2b262be
*** Element info: {Using=xpath, value=//tr[contains(@class,&#039;odd&#039;)]/td[2]}" type="org.openqa.selenium.NoSuchElementException">
      <![CDATA[org.openqa.selenium.NoSuchElementException: no such element: Unable to locate element: {"method":"xpath","selector":"//tr[contains(@class,'odd')]/td[2]"}
  (Session info: chrome=105.0.5195.102)
For documentation on this error, please visit: http://seleniumhq.org/exceptions/no_such_element.html
Build info: version: '3.14.0', revision: 'aacccce0', time: '2018-08-02T20:19:58.91Z'
System info: host: 'EDM-VM-CL01', ip: '10.102.65.242', os.name: 'Windows 10', os.arch: 'amd64', os.version: '10.0', java.version: '16.0.2'
Driver info: org.openqa.selenium.chrome.ChromeDriver
Capabilities {acceptInsecureCerts: false, browserName: chrome, browserVersion: 105.0.5195.102, chrome: {chromedriverVersion: 105.0.5195.52 (412c95e51883..., userDataDir: C:\Users\AMIT~1.KHA\AppData...}, goog:chromeOptions: {debuggerAddress: localhost:52956}, javascriptEnabled: true, networkConnectionEnabled: false, pageLoadStrategy: normal, platform: WINDOWS, platformName: WINDOWS, proxy: Proxy(), setWindowRect: true, strictFileInteractability: false, timeouts: {implicit: 0, pageLoad: 300000, script: 30000}, unhandledPromptBehavior: ignore, webauthn:extension:credBlob: true, webauthn:extension:largeBlob: true, webauthn:virtualAuthenticators: true}
Session ID: 6e6066b50669b892ed8aefcde2b262be
*** Element info: {Using=xpath, value=//tr[contains(@class,'odd')]/td[2]}
at java.base/jdk.internal.reflect.NativeConstructorAccessorImpl.newInstance0(Native Method)
at java.base/jdk.internal.reflect.NativeConstructorAccessorImpl.newInstance(NativeConstructorAccessorImpl.java:78)
at java.base/jdk.internal.reflect.DelegatingConstructorAccessorImpl.newInstance(DelegatingConstructorAccessorImpl.java:45)
at java.base/java.lang.reflect.Constructor.newInstanceWithCaller(Constructor.java:499)
at java.base/java.lang.reflect.Constructor.newInstance(Constructor.java:480)
at org.openqa.selenium.remote.http.W3CHttpResponseCodec.createException(W3CHttpResponseCodec.java:187)
at org.openqa.selenium.remote.http.W3CHttpResponseCodec.decode(W3CHttpResponseCodec.java:122)
at org.openqa.selenium.remote.http.W3CHttpResponseCodec.decode(W3CHttpResponseCodec.java:49)
at org.openqa.selenium.remote.HttpCommandExecutor.execute(HttpCommandExecutor.java:158)
at org.openqa.selenium.remote.service.DriverCommandExecutor.execute(DriverCommandExecutor.java:83)
at org.openqa.selenium.remote.RemoteWebDriver.execute(RemoteWebDriver.java:548)
at org.openqa.selenium.remote.RemoteWebDriver.findElement(RemoteWebDriver.java:322)
at org.openqa.selenium.remote.RemoteWebDriver.findElementByXPath(RemoteWebDriver.java:424)
at org.openqa.selenium.By$ByXPath.findElement(By.java:353)
at org.openqa.selenium.remote.RemoteWebDriver.findElement(RemoteWebDriver.java:314)
at main.EDRM.hybridFramework.pageObject.IntrayToolsPage.getColumnValueOfDocument(IntrayToolsPage.java:602)
at tests.ATestRegressionCapture.TestCaptureMemoAutomaticDocument(ATestRegressionCapture.java:1543)
at java.base/jdk.internal.reflect.NativeMethodAccessorImpl.invoke0(Native Method)
at java.base/jdk.internal.reflect.NativeMethodAccessorImpl.invoke(NativeMethodAccessorImpl.java:78)
at java.base/jdk.internal.reflect.DelegatingMethodAccessorImpl.invoke(DelegatingMethodAccessorImpl.java:43)
at java.base/java.lang.reflect.Method.invoke(Method.java:567)
at org.testng.internal.MethodInvocationHelper.invokeMethod(MethodInvocationHelper.java:133)
at org.testng.internal.TestInvoker.invokeMethod(TestInvoker.java:598)
at org.testng.internal.TestInvoker.invokeTestMethod(TestInvoker.java:173)
at org.testng.internal.MethodRunner.runInSequence(MethodRunner.java:46)
at org.testng.internal.TestInvoker$MethodInvocationAgent.invoke(TestInvoker.java:824)
at org.testng.internal.TestInvoker.invokeTestMethods(TestInvoker.java:146)
at org.testng.internal.TestMethodWorker.invokeTestMethods(TestMethodWorker.java:146)
at org.testng.internal.TestMethodWorker.run(TestMethodWorker.java:128)
at java.base/java.util.concurrent.ThreadPoolExecutor.runWorker(ThreadPoolExecutor.java:1130)
at java.base/java.util.concurrent.ThreadPoolExecutor$Worker.run(ThreadPoolExecutor.java:630)
at java.base/java.lang.Thread.run(Thread.java:831)
]]>
    </error>
  </testcase> <!-- TestCaptureMemoAutomaticDocument -->
  <system-out/>
  <testcase classname="tests.ATestRegressionCapture" name="TestCaptureMemoNavigationViwer" time="18.556"/>
  <system-out/>
  <testcase classname="tests.ATestRegressionCapture" name="TestCaptureMemoDifferentFileSystem" time="62.485"/>
  <system-out/>
  <testcase classname="tests.ATestRegressionCapture" name="UpdateProtectiveMarkerValueBackToOrigin">
    <skipped/>
  </testcase> <!-- UpdateProtectiveMarkerValueBackToOrigin -->
  <system-out/>
  <testcase classname="tests.ATestRegressionCapture" name="CaptureDocToDiffFileSystemWithExistingRef">
    <skipped/>
  </testcase> <!-- CaptureDocToDiffFileSystemWithExistingRef -->
  <system-out/>
  <testcase classname="tests.ATestRegressionCapture" name="UpdateUserSecurityAndDocumentSecurity">
    <skipped/>
  </testcase> <!-- UpdateUserSecurityAndDocumentSecurity -->
  <system-out/>
  <testcase classname="tests.ATestRegressionCapture" name="VerifyCapturePageAfterRemovingDIPSecurityFromUsers">
    <skipped/>
  </testcase> <!-- VerifyCapturePageAfterRemovingDIPSecurityFromUsers -->
  <system-out/>
  <testcase classname="tests.ATestRegressionCapture" name="VerifyThatDocumentCanBeRoutedToUserInAnotherFileSystemForSource">
    <skipped/>
  </testcase> <!-- VerifyThatDocumentCanBeRoutedToUserInAnotherFileSystemForSource -->
  <system-out/>
  <testcase classname="tests.ATestRegressionCapture" name="VerifyprotectivemarkerAuditLogsWhileReindex">
    <skipped/>
  </testcase> <!-- VerifyprotectivemarkerAuditLogsWhileReindex -->
  <system-out/>
  <testcase classname="tests.ATestRegressionCapture" name="VerifyReindexTheDocumentFromBatchIndexing">
    <skipped/>
  </testcase> <!-- VerifyReindexTheDocumentFromBatchIndexing -->
  <system-out/>
  <testcase classname="tests.ATestRegressionCapture" name="AddDocumentTypeAndUpdateUserSecurityLevel">
    <skipped/>
  </testcase> <!-- AddDocumentTypeAndUpdateUserSecurityLevel -->
  <system-out/>
  <testcase classname="tests.ATestRegressionCapture" name="VerifyCapturePageContents">
    <skipped/>
  </testcase> <!-- VerifyCapturePageContents -->
  <system-out/>
  <testcase classname="tests.ATestRegressionCapture" name="VerifyThatReceivedDateOnCapturPageNonEditable">
    <skipped/>
  </testcase> <!-- VerifyThatReceivedDateOnCapturPageNonEditable -->
  <system-out/>
  <testcase classname="tests.ATestRegressionCapture" name="TestCaptureMemoDelete">
    <skipped/>
  </testcase> <!-- TestCaptureMemoDelete -->
  <system-out/>
  <testcase classname="tests.ATestRegressionCapture" name="VerifyIndexCriteriaOnCaptureIfDocTypeIsInactive">
    <skipped/>
  </testcase> <!-- VerifyIndexCriteriaOnCaptureIfDocTypeIsInactive -->
  <system-out/>
  <testcase classname="tests.ATestRegressionCapture" name="AddMultipleIndexingDetails">
    <skipped/>
  </testcase> <!-- AddMultipleIndexingDetails -->
  <system-out/>
  <testcase classname="tests.ATestRegressionCapture" name="CaptureMultipleDocument">
    <skipped/>
  </testcase> <!-- CaptureMultipleDocument -->
  <system-out/>
  <testcase classname="tests.ATestRegressionCapture" name="VerifyCapturePageAfterRemovingCaptureSecurityFromUsrs">
    <skipped/>
  </testcase> <!-- VerifyCapturePageAfterRemovingCaptureSecurityFromUsrs -->
  <system-out/>
  <testcase classname="tests.ATestRegressionCapture" name="VerifyAuditLogForAfterReindexingDocument">
    <skipped/>
  </testcase> <!-- VerifyAuditLogForAfterReindexingDocument -->
  <system-out/>
  <testcase classname="tests.ATestRegressionCapture" name="CaptureDocument">
    <skipped/>
  </testcase> <!-- CaptureDocument -->
  <system-out/>
  <testcase classname="tests.ATestRegressionCapture" name="ReindexTwoDocumentAcrossFileSystem">
    <skipped/>
  </testcase> <!-- ReindexTwoDocumentAcrossFileSystem -->
  <system-out/>
  <testcase classname="tests.ATestRegressionCapture" name="UpdateProtectiveMarkerValueAndVerifyErrorMsgWhileCapture">
    <skipped/>
  </testcase> <!-- UpdateProtectiveMarkerValueAndVerifyErrorMsgWhileCapture -->
  <system-out/>
  <testcase classname="tests.ATestRegressionCapture" name="VerifyAddingHTMLTagToDocRef2Field">
    <skipped/>
  </testcase> <!-- VerifyAddingHTMLTagToDocRef2Field -->
  <system-out/>
  <testcase classname="tests.ATestRegressionCapture" name="VerifySystemIndexesAndDisplaysNewelySearchedPropRef">
    <skipped/>
  </testcase> <!-- VerifySystemIndexesAndDisplaysNewelySearchedPropRef -->
  <system-out/>
  <testcase classname="tests.ATestRegressionCapture" name="UpdateWarnOnGenericDocTypeIndexConfigValueToOriginalOnce">
    <skipped/>
  </testcase> <!-- UpdateWarnOnGenericDocTypeIndexConfigValueToOriginalOnce -->
  <system-out/>
  <testcase classname="tests.ATestRegressionCapture" name="GetAllDocTypesTeamsAndUsers">
    <skipped/>
  </testcase> <!-- GetAllDocTypesTeamsAndUsers -->
  <system-out/>
  <testcase classname="tests.ATestRegressionCapture" name="CaptureDocToDiffFileSystemWithNewRef">
    <skipped/>
  </testcase> <!-- CaptureDocToDiffFileSystemWithNewRef -->
  <system-out/>
  <testcase classname="tests.ATestRegressionCapture" name="VerifyThatDocumentCanBeRoutedToNonAdminUser">
    <skipped/>
  </testcase> <!-- VerifyThatDocumentCanBeRoutedToNonAdminUser -->
  <system-out/>
  <testcase classname="tests.ATestRegressionCapture" name="VerifyThatUserAbleToReindexDocFromPublishableToNonpublishableDoctype">
    <skipped/>
  </testcase> <!-- VerifyThatUserAbleToReindexDocFromPublishableToNonpublishableDoctype -->
  <system-out/>
  <testcase classname="tests.ATestRegressionCapture" name="VerifyCannotReindexDocumentIfUserSecurityEnabled">
    <skipped/>
  </testcase> <!-- VerifyCannotReindexDocumentIfUserSecurityEnabled -->
  <system-out/>
  <testcase classname="tests.ATestRegressionCapture" name="RemoveMultipleIndexingDetailsFromCapturePage">
    <skipped/>
  </testcase> <!-- RemoveMultipleIndexingDetailsFromCapturePage -->
  <system-out/>
  <testcase classname="tests.ATestRegressionCapture" name="VerifyThatDocumentCanBeRoutedToUserInAnotherFileSystem">
    <skipped/>
  </testcase> <!-- VerifyThatDocumentCanBeRoutedToUserInAnotherFileSystem -->
  <system-out/>
  <testcase classname="tests.ATestRegressionCapture" name="InternalServerErrorWhileReindex">
    <skipped/>
  </testcase> <!-- InternalServerErrorWhileReindex -->
  <system-out/>
  <testcase classname="tests.ATestRegressionCapture" name="EditWarnOnGenericDocTypeIndexAndVerifyPopUpWhileCapture">
    <skipped/>
  </testcase> <!-- EditWarnOnGenericDocTypeIndexAndVerifyPopUpWhileCapture -->
  <system-out/>
  <testcase classname="tests.ATestRegressionCapture" name="ReindexDocumentAcrossFileSystem">
    <skipped/>
  </testcase> <!-- ReindexDocumentAcrossFileSystem -->
  <system-out/>
</testsuite> <!-- tests.ATestRegressionCapture -->
