<?xml version="1.0" encoding="UTF-8"?>
<!-- Generated by org.testng.reporters.JUnitReportReporter -->
<testsuite skipped="13" hostname="MUM-LAP-1086" name="tests.ATest_Capture" tests="18" failures="1" timestamp="30 Aug 2021 05:17:36 GMT" time="140.673" errors="0">
  <testcase name="TestLoginFunctionality" time="22.099" classname="tests.ATest_Capture"/>
  <testcase name="AddBankHoliday" time="22.571" classname="tests.ATest_Capture"/>
  <testcase name="UpdateConfigValuesForBankHolidays" time="29.810" classname="tests.ATest_Capture"/>
  <testcase name="UpdateTargetDaysInDocumentType" time="22.382" classname="tests.ATest_Capture"/>
  <testcase name="BankHolidayTest" time="43.811" classname="tests.ATest_Capture">
    <failure type="java.lang.AssertionError" message="expected [9/04/2021] but found [8/30/2021]">
      <![CDATA[java.lang.AssertionError: expected [9/04/2021] but found [8/30/2021]
at org.testng.Assert.fail(Assert.java:96)
at org.testng.Assert.failNotEquals(Assert.java:776)
at org.testng.Assert.assertEqualsImpl(Assert.java:137)
at org.testng.Assert.assertEquals(Assert.java:118)
at org.testng.Assert.assertEquals(Assert.java:453)
at org.testng.Assert.assertEquals(Assert.java:463)
at main.EDRM.hybridFramework.helper.assertion.AssertionHelper.verifyText(AssertionHelper.java:25)
at tests.ATest_Capture.BankHolidayTest(ATest_Capture.java:535)
at sun.reflect.NativeMethodAccessorImpl.invoke0(Native Method)
at sun.reflect.NativeMethodAccessorImpl.invoke(Unknown Source)
at sun.reflect.DelegatingMethodAccessorImpl.invoke(Unknown Source)
at java.lang.reflect.Method.invoke(Unknown Source)
at org.testng.internal.MethodInvocationHelper.invokeMethod(MethodInvocationHelper.java:124)
at org.testng.internal.Invoker.invokeMethod(Invoker.java:583)
at org.testng.internal.Invoker.invokeTestMethod(Invoker.java:719)
at org.testng.internal.Invoker.invokeTestMethods(Invoker.java:989)
at org.testng.internal.TestMethodWorker.invokeTestMethods(TestMethodWorker.java:125)
at org.testng.internal.TestMethodWorker.run(TestMethodWorker.java:109)
at org.testng.TestRunner.privateRun(TestRunner.java:648)
at org.testng.TestRunner.run(TestRunner.java:505)
at org.testng.SuiteRunner.runTest(SuiteRunner.java:455)
at org.testng.SuiteRunner.runSequentially(SuiteRunner.java:450)
at org.testng.SuiteRunner.privateRun(SuiteRunner.java:415)
at org.testng.SuiteRunner.run(SuiteRunner.java:364)
at org.testng.SuiteRunnerWorker.runSuite(SuiteRunnerWorker.java:52)
at org.testng.SuiteRunnerWorker.run(SuiteRunnerWorker.java:84)
at org.testng.TestNG.runSuitesSequentially(TestNG.java:1208)
at org.testng.TestNG.runSuitesLocally(TestNG.java:1137)
at org.testng.TestNG.runSuites(TestNG.java:1049)
at org.testng.TestNG.run(TestNG.java:1017)
at org.testng.remote.AbstractRemoteTestNG.run(AbstractRemoteTestNG.java:115)
at org.testng.remote.RemoteTestNG.initAndRun(RemoteTestNG.java:251)
at org.testng.remote.RemoteTestNG.main(RemoteTestNG.java:77)
]]>
    </failure>
  </testcase> <!-- BankHolidayTest -->
  <testcase name="EditFileSystem" classname="tests.ATest_Capture">
    <skipped/>
  </testcase> <!-- EditFileSystem -->
  <testcase name="AddWebIntegration" classname="tests.ATest_Capture">
    <skipped/>
  </testcase> <!-- AddWebIntegration -->
  <testcase name="AccessLinkFromDocument" classname="tests.ATest_Capture">
    <skipped/>
  </testcase> <!-- AccessLinkFromDocument -->
  <testcase name="TestDeleteBatch" classname="tests.ATest_Capture">
    <skipped/>
  </testcase> <!-- TestDeleteBatch -->
  <testcase name="DeleteWebIntegration" classname="tests.ATest_Capture">
    <skipped/>
  </testcase> <!-- DeleteWebIntegration -->
  <testcase name="TestBatchIndexUnlock" classname="tests.ATest_Capture">
    <skipped/>
  </testcase> <!-- TestBatchIndexUnlock -->
  <testcase name="EditWebIntegration" classname="tests.ATest_Capture">
    <skipped/>
  </testcase> <!-- EditWebIntegration -->
  <testcase name="TestAddFileSystemToCache" classname="tests.ATest_Capture">
    <skipped/>
  </testcase> <!-- TestAddFileSystemToCache -->
  <testcase name="TestBatchIndexFunctionality" classname="tests.ATest_Capture">
    <skipped/>
  </testcase> <!-- TestBatchIndexFunctionality -->
  <testcase name="VerifyErrorMessageInCacheServer" classname="tests.ATest_Capture">
    <skipped/>
  </testcase> <!-- VerifyErrorMessageInCacheServer -->
  <testcase name="TestVerifyCopyPrevious" classname="tests.ATest_Capture">
    <skipped/>
  </testcase> <!-- TestVerifyCopyPrevious -->
  <testcase name="TestAddFileSystem" classname="tests.ATest_Capture">
    <skipped/>
  </testcase> <!-- TestAddFileSystem -->
  <testcase name="EditCacheServer" classname="tests.ATest_Capture">
    <skipped/>
  </testcase> <!-- EditCacheServer -->
</testsuite> <!-- tests.ATest_Capture -->
