<?xml version="1.0" encoding="UTF-8"?>
<!-- Generated by org.testng.reporters.JUnitReportReporter -->
<testsuite hostname="MUM-LAP-1086" failures="0" tests="20" name="tests.ATest_Demo_Plan" time="32.572" errors="1" timestamp="2022-04-19T11:34:37 IST" skipped="19">
  <testcase classname="tests.ATest_Demo_Plan" name="UnpublishDocumentOnDocumentConnectSite" time="32.572">
    <error message="no such element: Unable to locate element: {&quot;method&quot;:&quot;xpath&quot;,&quot;selector&quot;:&quot;(//tr[contains(@class,&#039;odd&#039;)]/td[3])[1]&quot;}
  (Session info: chrome=100.0.4896.127)
For documentation on this error, please visit: http://seleniumhq.org/exceptions/no_such_element.html
Build info: version: &#039;3.14.0&#039;, revision: &#039;aacccce0&#039;, time: &#039;2018-08-02T20:19:58.91Z&#039;
System info: host: &#039;MUM-LAP-1086&#039;, ip: &#039;172.29.150.61&#039;, os.name: &#039;Windows 10&#039;, os.arch: &#039;amd64&#039;, os.version: &#039;10.0&#039;, java.version: &#039;17.0.2&#039;
Driver info: org.openqa.selenium.chrome.ChromeDriver
Capabilities {acceptInsecureCerts: false, browserName: chrome, browserVersion: 100.0.4896.127, chrome: {chromedriverVersion: 100.0.4896.60 (6a5d10861ce8..., userDataDir: C:\Users\AMIT~1.KHA\AppData...}, goog:chromeOptions: {debuggerAddress: localhost:62250}, javascriptEnabled: true, networkConnectionEnabled: false, pageLoadStrategy: normal, platform: WINDOWS, platformName: WINDOWS, proxy: Proxy(), setWindowRect: true, strictFileInteractability: false, timeouts: {implicit: 0, pageLoad: 300000, script: 30000}, unhandledPromptBehavior: ignore, webauthn:extension:credBlob: true, webauthn:extension:largeBlob: true, webauthn:virtualAuthenticators: true}
Session ID: eed7539378c6b82f68bd970da69cb72e
*** Element info: {Using=xpath, value=(//tr[contains(@class,&#039;odd&#039;)]/td[3])[1]}" type="org.openqa.selenium.NoSuchElementException">
      <![CDATA[org.openqa.selenium.NoSuchElementException: no such element: Unable to locate element: {"method":"xpath","selector":"(//tr[contains(@class,'odd')]/td[3])[1]"}
  (Session info: chrome=100.0.4896.127)
For documentation on this error, please visit: http://seleniumhq.org/exceptions/no_such_element.html
Build info: version: '3.14.0', revision: 'aacccce0', time: '2018-08-02T20:19:58.91Z'
System info: host: 'MUM-LAP-1086', ip: '172.29.150.61', os.name: 'Windows 10', os.arch: 'amd64', os.version: '10.0', java.version: '17.0.2'
Driver info: org.openqa.selenium.chrome.ChromeDriver
Capabilities {acceptInsecureCerts: false, browserName: chrome, browserVersion: 100.0.4896.127, chrome: {chromedriverVersion: 100.0.4896.60 (6a5d10861ce8..., userDataDir: C:\Users\AMIT~1.KHA\AppData...}, goog:chromeOptions: {debuggerAddress: localhost:62250}, javascriptEnabled: true, networkConnectionEnabled: false, pageLoadStrategy: normal, platform: WINDOWS, platformName: WINDOWS, proxy: Proxy(), setWindowRect: true, strictFileInteractability: false, timeouts: {implicit: 0, pageLoad: 300000, script: 30000}, unhandledPromptBehavior: ignore, webauthn:extension:credBlob: true, webauthn:extension:largeBlob: true, webauthn:virtualAuthenticators: true}
Session ID: eed7539378c6b82f68bd970da69cb72e
*** Element info: {Using=xpath, value=(//tr[contains(@class,'odd')]/td[3])[1]}
at java.base/jdk.internal.reflect.NativeConstructorAccessorImpl.newInstance0(Native Method)
at java.base/jdk.internal.reflect.NativeConstructorAccessorImpl.newInstance(NativeConstructorAccessorImpl.java:77)
at java.base/jdk.internal.reflect.DelegatingConstructorAccessorImpl.newInstance(DelegatingConstructorAccessorImpl.java:45)
at java.base/java.lang.reflect.Constructor.newInstanceWithCaller(Constructor.java:499)
at java.base/java.lang.reflect.Constructor.newInstance(Constructor.java:480)
at org.openqa.selenium.remote.http.W3CHttpResponseCodec.createException(W3CHttpResponseCodec.java:187)
at org.openqa.selenium.remote.http.W3CHttpResponseCodec.decode(W3CHttpResponseCodec.java:122)
at org.openqa.selenium.remote.http.W3CHttpResponseCodec.decode(W3CHttpResponseCodec.java:49)
at org.openqa.selenium.remote.HttpCommandExecutor.execute(HttpCommandExecutor.java:158)
at org.openqa.selenium.remote.service.DriverCommandExecutor.execute(DriverCommandExecutor.java:83)
at org.openqa.selenium.remote.RemoteWebDriver.execute(RemoteWebDriver.java:548)
at org.openqa.selenium.remote.RemoteWebDriver.findElement(RemoteWebDriver.java:322)
at org.openqa.selenium.remote.RemoteWebDriver.findElementByXPath(RemoteWebDriver.java:424)
at org.openqa.selenium.By$ByXPath.findElement(By.java:353)
at org.openqa.selenium.remote.RemoteWebDriver.findElement(RemoteWebDriver.java:314)
at org.openqa.selenium.support.pagefactory.DefaultElementLocator.findElement(DefaultElementLocator.java:69)
at org.openqa.selenium.support.pagefactory.internal.LocatingElementHandler.invoke(LocatingElementHandler.java:38)
at jdk.proxy2/jdk.proxy2.$Proxy17.getText(Unknown Source)
at main.EDRM.hybridFramework.helper.wait.WaitHelper.waitForElementClickable(WaitHelper.java:109)
at main.EDRM.hybridFramework.TestBase.TestBase.click(TestBase.java:323)
at main.EDRM.hybridFramework.pageObject.CapturePage.clickOnFirstItemOfIntray(CapturePage.java:934)
at tests.ATest_Demo_Plan.UnpublishDocumentOnDocumentConnectSite(ATest_Demo_Plan.java:693)
at java.base/jdk.internal.reflect.NativeMethodAccessorImpl.invoke0(Native Method)
at java.base/jdk.internal.reflect.NativeMethodAccessorImpl.invoke(NativeMethodAccessorImpl.java:77)
at java.base/jdk.internal.reflect.DelegatingMethodAccessorImpl.invoke(DelegatingMethodAccessorImpl.java:43)
at java.base/java.lang.reflect.Method.invoke(Method.java:568)
at org.testng.internal.MethodInvocationHelper.invokeMethod(MethodInvocationHelper.java:133)
at org.testng.internal.TestInvoker.invokeMethod(TestInvoker.java:598)
at org.testng.internal.TestInvoker.invokeTestMethod(TestInvoker.java:173)
at org.testng.internal.MethodRunner.runInSequence(MethodRunner.java:46)
at org.testng.internal.TestInvoker$MethodInvocationAgent.invoke(TestInvoker.java:824)
at org.testng.internal.TestInvoker.invokeTestMethods(TestInvoker.java:146)
at org.testng.internal.TestMethodWorker.invokeTestMethods(TestMethodWorker.java:146)
at org.testng.internal.TestMethodWorker.run(TestMethodWorker.java:128)
at java.base/java.util.ArrayList.forEach(ArrayList.java:1511)
at org.testng.TestRunner.privateRun(TestRunner.java:794)
at org.testng.TestRunner.run(TestRunner.java:596)
at org.testng.SuiteRunner.runTest(SuiteRunner.java:377)
at org.testng.SuiteRunner.access$000(SuiteRunner.java:28)
at org.testng.SuiteRunner$SuiteWorker.run(SuiteRunner.java:418)
at org.testng.internal.thread.ThreadUtil.lambda$execute$0(ThreadUtil.java:64)
at java.base/java.util.concurrent.FutureTask.run(FutureTask.java:264)
at java.base/java.util.concurrent.ThreadPoolExecutor.runWorker(ThreadPoolExecutor.java:1136)
at java.base/java.util.concurrent.ThreadPoolExecutor$Worker.run(ThreadPoolExecutor.java:635)
at java.base/java.lang.Thread.run(Thread.java:833)
]]>
    </error>
  </testcase> <!-- UnpublishDocumentOnDocumentConnectSite -->
  <system-out/>
  <testcase classname="tests.ATest_Demo_Plan" name="UpdateDocumentConnectConfigurationForDocType">
    <skipped/>
  </testcase> <!-- UpdateDocumentConnectConfigurationForDocType -->
  <system-out/>
  <testcase classname="tests.ATest_Demo_Plan" name="TestMailStatusDocumentIntrayListMoreSearch">
    <skipped/>
  </testcase> <!-- TestMailStatusDocumentIntrayListMoreSearch -->
  <system-out/>
  <testcase classname="tests.ATest_Demo_Plan" name="TestCaptureMemoAutomaticDocument">
    <skipped/>
  </testcase> <!-- TestCaptureMemoAutomaticDocument -->
  <system-out/>
  <testcase classname="tests.ATest_Demo_Plan" name="ViewDocumentOnPublicAccess">
    <skipped/>
  </testcase> <!-- ViewDocumentOnPublicAccess -->
  <system-out/>
  <testcase classname="tests.ATest_Demo_Plan" name="TestMoreSearchDocumentList">
    <skipped/>
  </testcase> <!-- TestMoreSearchDocumentList -->
  <system-out/>
  <testcase classname="tests.ATest_Demo_Plan" name="TestExportMetadataValidation">
    <skipped/>
  </testcase> <!-- TestExportMetadataValidation -->
  <system-out/>
  <testcase classname="tests.ATest_Demo_Plan" name="TestTeamDocumentIntrayListMoreSearch">
    <skipped/>
  </testcase> <!-- TestTeamDocumentIntrayListMoreSearch -->
  <system-out/>
  <testcase classname="tests.ATest_Demo_Plan" name="TestCaptureMemoNavigationViwer">
    <skipped/>
  </testcase> <!-- TestCaptureMemoNavigationViwer -->
  <system-out/>
  <testcase classname="tests.ATest_Demo_Plan" name="PublishDocUsingCreateAndEditOption">
    <skipped/>
  </testcase> <!-- PublishDocUsingCreateAndEditOption -->
  <system-out/>
  <testcase classname="tests.ATest_Demo_Plan" name="UpdateDocumentConnectConfigurationAtFS">
    <skipped/>
  </testcase> <!-- UpdateDocumentConnectConfigurationAtFS -->
  <system-out/>
  <testcase classname="tests.ATest_Demo_Plan" name="TestSearchDocInTraylistandChangeStatusToInprogress">
    <skipped/>
  </testcase> <!-- TestSearchDocInTraylistandChangeStatusToInprogress -->
  <system-out/>
  <testcase classname="tests.ATest_Demo_Plan" name="TestCaptureMemoTeamDocument">
    <skipped/>
  </testcase> <!-- TestCaptureMemoTeamDocument -->
  <system-out/>
  <testcase classname="tests.ATest_Demo_Plan" name="VerifyRenditionStatus">
    <skipped/>
  </testcase> <!-- VerifyRenditionStatus -->
  <system-out/>
  <testcase classname="tests.ATest_Demo_Plan" name="PublishDocumentOnDocumentConnectUsingPublishOption">
    <skipped/>
  </testcase> <!-- PublishDocumentOnDocumentConnectUsingPublishOption -->
  <system-out/>
  <testcase classname="tests.ATest_Demo_Plan" name="AddInternalRendition">
    <skipped/>
  </testcase> <!-- AddInternalRendition -->
  <system-out/>
  <testcase classname="tests.ATest_Demo_Plan" name="TestMoreSearchIntrayList">
    <skipped/>
  </testcase> <!-- TestMoreSearchIntrayList -->
  <system-out/>
  <testcase classname="tests.ATest_Demo_Plan" name="TestCaptureMemoIndividualDocument">
    <skipped/>
  </testcase> <!-- TestCaptureMemoIndividualDocument -->
  <system-out/>
  <testcase classname="tests.ATest_Demo_Plan" name="TestSearchDocInTraylistandChangeStatus">
    <skipped/>
  </testcase> <!-- TestSearchDocInTraylistandChangeStatus -->
  <system-out/>
  <testcase classname="tests.ATest_Demo_Plan" name="TestCaptureMemoDifferentFileSystem">
    <skipped/>
  </testcase> <!-- TestCaptureMemoDifferentFileSystem -->
  <system-out/>
</testsuite> <!-- tests.ATest_Demo_Plan -->
